#
# A fatal error has been detected by the Java Runtime Environment:
#
#  EXCEPTION_ACCESS_VIOLATION (0xc0000005) at pc=0x00000001c48df09b, pid=4060, tid=5752
#
# JRE version: Java(TM) SE Runtime Environment (8.0_20-b26) (build 1.8.0_20-b26)
# Java VM: Java HotSpot(TM) 64-Bit Server VM (25.20-b23 mixed mode windows-amd64 compressed oops)
# Problematic frame:
# C  0x00000001c48df09b
#
# Failed to write core dump. Minidumps are not enabled by default on client versions of Windows
#
# If you would like to submit a bug report, please visit:
#   http://bugreport.sun.com/bugreport/crash.jsp
# The crash happened outside the Java Virtual Machine in native code.
# See problematic frame for where to report the bug.
#

---------------  T H R E A D  ---------------

Current thread (0x0000000019f4a000):  JavaThread "Daemon worker Thread 16" [_thread_in_native, id=5752, stack(0x0000000000bb0000,0x0000000000cb0000)]

siginfo: ExceptionCode=0xc0000005, ExceptionInformation=0x0000000000000008 0x00000001c48df09b

Registers:
RAX=0x0000000000000000, RBX=0x0000000019f4a1e8, RCX=0x00000000013a26a0, RDX=0x0000000000ca5b88
RSP=0x0000000000ca5b90, RBP=0x0000000000000000, RSI=0x0000000000000000, RDI=0x000000002c89e8f0
R8 =0x000000018006eb38, R9 =0x0000000000008000, R10=0x00000000ef2385a8, R11=0x000000005deaaaa0
R12=0x000000002c89e938, R13=0x0000000019750e50, R14=0x0000000000ca5d98, R15=0x0000000000000003
RIP=0x00000001c48df09b, EFLAGS=0x0000000000010206

Top of Stack: (sp=0x0000000000ca5b90)
0x0000000000ca5b90:   000000002c89e8f0 0000000000ca00d8
0x0000000000ca5ba0:   fffffffffffffffe 000000005d875c85
0x0000000000ca5bb0:   0000000019f4a1e8 000000018002dbf2
0x0000000000ca5bc0:   000000018006eac0 00000000013a26a0
0x0000000000ca5bd0:   000000001a4e70e0 000000001a4e70e0
0x0000000000ca5be0:   0000000019f4a000 0000000000000000
0x0000000000ca5bf0:   fffffffffffffffe 000000002c89e938
0x0000000000ca5c00:   0000000000ca5d98 000000018002db42
0x0000000000ca5c10:   00000000013a26a0 00000000013a26a0
0x0000000000ca5c20:   0000000019f4a1e8 000000005d328d94
0x0000000000ca5c30:   000000001fa930b0 000000002c89e8f0
0x0000000000ca5c40:   000000001fa930f0 000000001fa930b0
0x0000000000ca5c50:   0000000019f4a1e8 000000005d4d3b1a
0x0000000000ca5c60:   00000000013a26a0 0000000019f4a1e8
0x0000000000ca5c70:   000000001fa930b0 000000001fa930f0
0x0000000000ca5c80:   0000918a00000001 00000000013a26a0 

Instructions: (pc=0x00000001c48df09b)
0x00000001c48df07b:   
[error occurred during error reporting (printing registers, top of stack, instructions near pc), id 0xc0000005]

Register to memory mapping:

RAX=0x0000000000000000 is an unknown value
RBX=0x0000000019f4a1e8 is an unknown value
RCX=0x00000000013a26a0 is an unknown value
RDX=0x0000000000ca5b88 is pointing into the stack for thread: 0x0000000019f4a000
RSP=0x0000000000ca5b90 is pointing into the stack for thread: 0x0000000019f4a000
RBP=0x0000000000000000 is an unknown value
RSI=0x0000000000000000 is an unknown value
RDI=0x000000002c89e8f0 is an unknown value
R8 =0x000000018006eb38 is an unknown value
R9 =0x0000000000008000 is an unknown value
R10=0x00000000ef2385a8 is an oop
[Ljava.net.InetAddress; 
 - klass: 'java/net/InetAddress'[]
 - length: 3
R11=0x000000005deaaaa0 is an unknown value
R12=0x000000002c89e938 is an unknown value
R13=0x0000000019750e50 is an unknown value
R14=0x0000000000ca5d98 is pointing into the stack for thread: 0x0000000019f4a000
R15=0x0000000000000003 is an unknown value


Stack: [0x0000000000bb0000,0x0000000000cb0000],  sp=0x0000000000ca5b90,  free space=982k
Native frames: (J=compiled Java code, j=interpreted, Vv=VM code, C=native code)

Java frames: (J=compiled Java code, j=interpreted, Vv=VM code)
j  java.net.Inet6AddressImpl.lookupAllHostAddr(Ljava/lang/String;)[Ljava/net/InetAddress;+0
j  java.net.InetAddress$2.lookupAllHostAddr(Ljava/lang/String;)[Ljava/net/InetAddress;+4
j  java.net.InetAddress.getAddressesFromNameService(Ljava/lang/String;Ljava/net/InetAddress;)[Ljava/net/InetAddress;+51
j  java.net.InetAddress.getLocalHost()Ljava/net/InetAddress;+90
j  javax.crypto.JarVerifier.getSystemEntropy()[B+91
j  javax.crypto.JarVerifier.testSignatures(Ljava/security/cert/X509Certificate;Ljava/security/cert/CertificateFactory;)V+3
j  javax.crypto.JarVerifier.access$400(Ljava/security/cert/X509Certificate;Ljava/security/cert/CertificateFactory;)V+2
j  javax.crypto.JarVerifier$1.run()Ljava/lang/Void;+71
j  javax.crypto.JarVerifier$1.run()Ljava/lang/Object;+1
v  ~StubRoutines::call_stub
J 610  java.security.AccessController.doPrivileged(Ljava/security/PrivilegedExceptionAction;)Ljava/lang/Object; (0 bytes) @ 0x0000000003104d12 [0x0000000003104cc0+0x52]
j  javax.crypto.JarVerifier.<clinit>()V+7
v  ~StubRoutines::call_stub
j  javax.crypto.JceSecurity.loadPolicies(Ljava/io/File;Ljavax/crypto/CryptoPermissions;Ljavax/crypto/CryptoPermissions;)V+146
j  javax.crypto.JceSecurity.setupJurisdictionPolicies()V+130
j  javax.crypto.JceSecurity.access$000()V+0
j  javax.crypto.JceSecurity$1.run()Ljava/lang/Object;+0
v  ~StubRoutines::call_stub
J 610  java.security.AccessController.doPrivileged(Ljava/security/PrivilegedExceptionAction;)Ljava/lang/Object; (0 bytes) @ 0x0000000003104d12 [0x0000000003104cc0+0x52]
j  javax.crypto.JceSecurity.<clinit>()V+49
v  ~StubRoutines::call_stub
j  javax.crypto.JceSecurityManager.<clinit>()V+31
v  ~StubRoutines::call_stub
j  javax.crypto.Cipher.getConfiguredPermission(Ljava/lang/String;)Ljavax/crypto/CryptoPermission;+17
j  javax.crypto.Cipher.getMaxAllowedKeyLength(Ljava/lang/String;)I+1
j  sun.security.ssl.CipherSuite$BulkCipher.isAvailable(Lsun/security/ssl/CipherSuite$BulkCipher;)Z+36
j  sun.security.ssl.CipherSuite$BulkCipher.isAvailable()Z+27
j  sun.security.ssl.CipherSuite.isAvailable()Z+21
j  sun.security.ssl.SSLContextImpl.getApplicableCipherSuiteList(Lsun/security/ssl/ProtocolList;Z)Lsun/security/ssl/CipherSuiteList;+105
j  sun.security.ssl.SSLContextImpl.getDefaultCipherSuiteList(Z)Lsun/security/ssl/CipherSuiteList;+55
j  sun.security.ssl.SSLSocketImpl.init(Lsun/security/ssl/SSLContextImpl;Z)V+83
j  sun.security.ssl.SSLSocketImpl.<init>(Lsun/security/ssl/SSLContextImpl;)V+96
j  sun.security.ssl.SSLSocketFactoryImpl.createSocket()Ljava/net/Socket;+8
j  org.apache.http.conn.ssl.SSLSocketFactory.createSocket(Lorg/apache/http/params/HttpParams;)Ljava/net/Socket;+4
j  org.apache.http.impl.conn.DefaultClientConnectionOperator.openConnection(Lorg/apache/http/conn/OperatedClientConnection;Lorg/apache/http/HttpHost;Ljava/net/InetAddress;Lorg/apache/http/protocol/HttpContext;Lorg/apache/http/params/HttpParams;)V+142
j  org.apache.http.impl.conn.ManagedClientConnectionImpl.open(Lorg/apache/http/conn/routing/HttpRoute;Lorg/apache/http/protocol/HttpContext;Lorg/apache/http/params/HttpParams;)V+133
j  org.apache.http.impl.client.DefaultRequestDirector.tryConnect(Lorg/apache/http/impl/client/RoutedRequest;Lorg/apache/http/protocol/HttpContext;)V+49
j  org.apache.http.impl.client.DefaultRequestDirector.execute(Lorg/apache/http/HttpHost;Lorg/apache/http/HttpRequest;Lorg/apache/http/protocol/HttpContext;)Lorg/apache/http/HttpResponse;+367
j  org.apache.http.impl.client.AbstractHttpClient.execute(Lorg/apache/http/HttpHost;Lorg/apache/http/HttpRequest;Lorg/apache/http/protocol/HttpContext;)Lorg/apache/http/HttpResponse;+344
j  org.apache.http.impl.client.DecompressingHttpClient.execute(Lorg/apache/http/HttpHost;Lorg/apache/http/HttpRequest;Lorg/apache/http/protocol/HttpContext;)Lorg/apache/http/HttpResponse;+65
j  org.apache.http.impl.client.DecompressingHttpClient.execute(Lorg/apache/http/client/methods/HttpUriRequest;Lorg/apache/http/protocol/HttpContext;)Lorg/apache/http/HttpResponse;+8
j  org.gradle.internal.resource.transport.http.HttpClientHelper.performHttpRequest(Lorg/apache/http/client/methods/HttpRequestBase;)Lorg/apache/http/HttpResponse;+37
j  org.gradle.internal.resource.transport.http.HttpClientHelper.executeGetOrHead(Lorg/apache/http/client/methods/HttpRequestBase;)Lorg/apache/http/HttpResponse;+2
j  org.gradle.internal.resource.transport.http.HttpClientHelper.performRequest(Lorg/apache/http/client/methods/HttpRequestBase;)Lorg/apache/http/HttpResponse;+7
j  org.gradle.internal.resource.transport.http.HttpClientHelper.performRawGet(Ljava/lang/String;)Lorg/apache/http/HttpResponse;+9
j  org.gradle.internal.resource.transport.http.HttpClientHelper.performGet(Ljava/lang/String;)Lorg/apache/http/HttpResponse;+6
j  org.gradle.internal.resource.transport.http.HttpResourceAccessor.getResource(Ljava/net/URI;)Lorg/gradle/internal/resource/transport/http/HttpResponseResource;+25
j  org.gradle.internal.resource.transport.http.HttpResourceAccessor.getResource(Ljava/net/URI;)Lorg/gradle/internal/resource/ExternalResource;+2
j  org.gradle.internal.resource.transport.DefaultExternalResourceRepository.getResource(Ljava/net/URI;)Lorg/gradle/internal/resource/ExternalResource;+5
j  org.gradle.api.internal.artifacts.repositories.resolver.MavenMetadataLoader.parseMavenMetadataInfo(Ljava/net/URI;Lorg/gradle/api/internal/artifacts/repositories/resolver/MavenMetadata;)V+5
j  org.gradle.api.internal.artifacts.repositories.resolver.MavenMetadataLoader.load(Ljava/net/URI;)Lorg/gradle/api/internal/artifacts/repositories/resolver/MavenMetadata;+11
j  org.gradle.api.internal.artifacts.repositories.resolver.MavenVersionLister$1.visit(Lorg/gradle/api/internal/artifacts/repositories/resolver/ResourcePattern;Lorg/gradle/internal/component/model/IvyArtifactName;)V+51
j  org.gradle.api.internal.artifacts.repositories.resolver.ChainedVersionLister$1.visit(Lorg/gradle/api/internal/artifacts/repositories/resolver/ResourcePattern;Lorg/gradle/internal/component/model/IvyArtifactName;)V+39
j  org.gradle.api.internal.artifacts.repositories.resolver.ExternalResourceResolver.listVersionsForAllPatterns(Ljava/util/List;Lorg/gradle/internal/component/model/IvyArtifactName;Lorg/gradle/api/internal/artifacts/repositories/resolver/VersionPatternVisitor;)V+34
j  org.gradle.api.internal.artifacts.repositories.resolver.ExternalResourceResolver.doListModuleVersions(Lorg/gradle/internal/component/model/DependencyMetaData;Lorg/gradle/internal/resolve/result/BuildableModuleComponentVersionSelectionResolveResult;)V+80
j  org.gradle.api.internal.artifacts.repositories.resolver.ExternalResourceResolver.access$100(Lorg/gradle/api/internal/artifacts/repositories/resolver/ExternalResourceResolver;Lorg/gradle/internal/component/model/DependencyMetaData;Lorg/gradle/internal/resolve/result/BuildableModuleComponentVersionSelectionResolveResult;)V+3
j  org.gradle.api.internal.artifacts.repositories.resolver.ExternalResourceResolver$RemoteRepositoryAccess.listModuleVersions(Lorg/gradle/internal/component/model/DependencyMetaData;Lorg/gradle/internal/resolve/result/BuildableModuleComponentVersionSelectionResolveResult;)V+6
j  org.gradle.api.internal.artifacts.ivyservice.ivyresolve.CacheLockReleasingModuleComponentsRepository$LockReleasingRepositoryAccess$1.run()V+15
J 6276 C1 org.gradle.internal.Factories$1.create()Ljava/lang/Object; (11 bytes) @ 0x00000000042221c4 [0x00000000042220c0+0x104]
j  org.gradle.cache.internal.DefaultCacheAccess.longRunningOperation(Ljava/lang/String;Lorg/gradle/internal/Factory;)Ljava/lang/Object;+7
j  org.gradle.cache.internal.DefaultCacheAccess.longRunningOperation(Ljava/lang/String;Ljava/lang/Runnable;)V+6
j  org.gradle.cache.internal.DefaultPersistentDirectoryStore.longRunningOperation(Ljava/lang/String;Ljava/lang/Runnable;)V+6
j  org.gradle.cache.internal.DefaultCacheFactory$ReferenceTrackingCache.longRunningOperation(Ljava/lang/String;Ljava/lang/Runnable;)V+9
j  org.gradle.api.internal.artifacts.ivyservice.DefaultCacheLockingManager.longRunningOperation(Ljava/lang/String;Ljava/lang/Runnable;)V+6
j  org.gradle.api.internal.artifacts.ivyservice.ivyresolve.CacheLockReleasingModuleComponentsRepository$LockReleasingRepositoryAccess.listModuleVersions(Lorg/gradle/internal/component/model/DependencyMetaData;Lorg/gradle/internal/resolve/result/BuildableModuleComponentVersionSelectionResolveResult;)V+34
j  org.gradle.api.internal.artifacts.ivyservice.ivyresolve.CachingModuleComponentRepository$ResolveAndCacheRepositoryAccess.listModuleVersions(Lorg/gradle/internal/component/model/DependencyMetaData;Lorg/gradle/internal/resolve/result/BuildableModuleComponentVersionSelectionResolveResult;)V+14
j  org.gradle.api.internal.artifacts.ivyservice.ivyresolve.BaseModuleComponentRepositoryAccess.listModuleVersions(Lorg/gradle/internal/component/model/DependencyMetaData;Lorg/gradle/internal/resolve/result/BuildableModuleComponentVersionSelectionResolveResult;)V+6
j  org.gradle.api.internal.artifacts.ivyservice.ivyresolve.memcache.InMemoryCachedModuleComponentRepository$CachedAccess.listModuleVersions(Lorg/gradle/internal/component/model/DependencyMetaData;Lorg/gradle/internal/resolve/result/BuildableModuleComponentVersionSelectionResolveResult;)V+20
j  org.gradle.api.internal.artifacts.ivyservice.ivyresolve.DynamicVersionResolver$RepositoryResolveState.process(Lorg/gradle/internal/component/model/DependencyMetaData;Lorg/gradle/api/internal/artifacts/ivyservice/ivyresolve/ModuleComponentRepositoryAccess;Lorg/gradle/internal/resolve/result/BuildableModuleComponentMetaDataResolveResult;)V+6
j  org.gradle.api.internal.artifacts.ivyservice.ivyresolve.DynamicVersionResolver$RepositoryResolveState.resolve(Lorg/gradle/internal/component/model/DependencyMetaData;)V+53
j  org.gradle.api.internal.artifacts.ivyservice.ivyresolve.DynamicVersionResolver.findLatestModule(Lorg/gradle/internal/component/model/DependencyMetaData;Ljava/util/LinkedList;Ljava/util/Collection;Ljava/util/Collection;)Lorg/gradle/api/internal/artifacts/ivyservice/ivyresolve/RepositoryChainModuleResolution;+22
j  org.gradle.api.internal.artifacts.ivyservice.ivyresolve.DynamicVersionResolver.findLatestModule(Lorg/gradle/internal/component/model/DependencyMetaData;Ljava/util/List;Ljava/util/Collection;)Lorg/gradle/api/internal/artifacts/ivyservice/ivyresolve/RepositoryChainModuleResolution;+32
j  org.gradle.api.internal.artifacts.ivyservice.ivyresolve.DynamicVersionResolver.resolve(Lorg/gradle/internal/component/model/DependencyMetaData;Lorg/gradle/internal/resolve/result/BuildableComponentIdResolveResult;)V+100
J 13075 C1 org.gradle.api.internal.artifacts.ivyservice.ivyresolve.RepositoryChainAdapter.resolve(Lorg/gradle/internal/component/model/DependencyMetaData;Lorg/gradle/internal/resolve/result/BuildableComponentIdResolveResult;)V (104 bytes) @ 0x00000000033d3904 [0x00000000033d3600+0x304]
J 13074 C1 org.gradle.api.internal.artifacts.ivyservice.projectmodule.ProjectDependencyResolver.resolve(Lorg/gradle/internal/component/model/DependencyMetaData;Lorg/gradle/internal/resolve/result/BuildableComponentIdResolveResult;)V (62 bytes) @ 0x0000000003ca63c4 [0x0000000003ca5a20+0x9a4]
J 10876 C1 org.gradle.api.internal.artifacts.ivyservice.VersionForcingDependencyToModuleResolver.resolve(Lorg/gradle/internal/component/model/DependencyMetaData;Lorg/gradle/internal/resolve/result/BuildableComponentIdResolveResult;)V (107 bytes) @ 0x0000000005074ce4 [0x00000000050745a0+0x744]
J 7725 C1 org.gradle.api.internal.artifacts.ivyservice.resolveengine.graph.DependencyGraphBuilder$ModuleVersionSelectorResolveState.resolveModuleRevisionId()Lorg/gradle/api/internal/artifacts/ivyservice/resolveengine/graph/DependencyGraphBuilder$ModuleVersionResolveState; (145 bytes) @ 0x0000000003750724 [0x00000000037502c0+0x464]
J 15303 C1 org.gradle.api.internal.artifacts.ivyservice.resolveengine.graph.DependencyGraphBuilder.traverseGraph(Lorg/gradle/api/internal/artifacts/ivyservice/resolveengine/graph/DependencyGraphBuilder$ResolveState;Lorg/gradle/api/internal/artifacts/ivyservice/resolveengine/graph/conflicts/ConflictHandler;)V (257 bytes) @ 0x0000000003efe674 [0x0000000003efcf00+0x1774]
j  org.gradle.api.internal.artifacts.ivyservice.resolveengine.graph.DependencyGraphBuilder.resolveDependencyGraph(Lorg/gradle/api/internal/artifacts/configurations/ConfigurationInternal;Lorg/gradle/api/internal/artifacts/ivyservice/resolveengine/graph/DependencyGraphVisitor;)V+94
j  org.gradle.api.internal.artifacts.ivyservice.resolveengine.graph.DependencyGraphBuilder.resolve(Lorg/gradle/api/internal/artifacts/configurations/ConfigurationInternal;Lorg/gradle/api/internal/artifacts/ivyservice/resolveengine/result/ResolutionResultBuilder;Lorg/gradle/api/internal/artifacts/ivyservice/resolveengine/oldresult/ResolvedConfigurationBuilder;)V+51
j  org.gradle.api.internal.artifacts.ivyservice.resolveengine.DefaultDependencyResolver$1.execute(Lorg/apache/ivy/Ivy;)V+314
j  org.gradle.api.internal.artifacts.ivyservice.resolveengine.DefaultDependencyResolver$1.execute(Ljava/lang/Object;)V+5
J 6403 C1 org.gradle.internal.Transformers$4.transform(Ljava/lang/Object;)Ljava/lang/Object; (12 bytes) @ 0x00000000042b86c4 [0x00000000042b85c0+0x104]
j  org.gradle.api.internal.artifacts.ivyservice.DefaultIvyContextManager.withIvy(Lorg/gradle/api/Transformer;)Ljava/lang/Object;+96
J 5509 C1 org.gradle.api.internal.artifacts.ivyservice.DefaultIvyContextManager.withIvy(Lorg/gradle/api/Action;)V (10 bytes) @ 0x0000000004079fa4 [0x0000000004079de0+0x1c4]
j  org.gradle.api.internal.artifacts.ivyservice.resolveengine.DefaultDependencyResolver.resolve(Lorg/gradle/api/internal/artifacts/configurations/ConfigurationInternal;Ljava/util/List;Lorg/gradle/api/internal/artifacts/GlobalDependencyResolutionRules;Lorg/gradle/api/internal/artifacts/ResolverResults;)V+28
j  org.gradle.api.internal.artifacts.ivyservice.CacheLockingArtifactDependencyResolver$1.run()V+23
J 15156 C2 org.gradle.cache.internal.DefaultCacheFactory$ReferenceTrackingCache.useCache(Ljava/lang/String;Ljava/lang/Runnable;)V (15 bytes) @ 0x0000000005719578 [0x0000000005719180+0x3f8]
J 15428 C2 org.gradle.api.internal.artifacts.ivyservice.DefaultCacheLockingManager.useCache(Ljava/lang/String;Ljava/lang/Runnable;)V (12 bytes) @ 0x0000000004f63164 [0x0000000004f63120+0x44]
j  org.gradle.api.internal.artifacts.ivyservice.CacheLockingArtifactDependencyResolver.resolve(Lorg/gradle/api/internal/artifacts/configurations/ConfigurationInternal;Ljava/util/List;Lorg/gradle/api/internal/artifacts/GlobalDependencyResolutionRules;Lorg/gradle/api/internal/artifacts/ResolverResults;)V+30
j  org.gradle.api.internal.artifacts.ivyservice.SelfResolvingDependencyResolver.resolve(Lorg/gradle/api/internal/artifacts/configurations/ConfigurationInternal;Ljava/util/List;Lorg/gradle/api/internal/artifacts/GlobalDependencyResolutionRules;Lorg/gradle/api/internal/artifacts/ResolverResults;)V+9
J 19695 C1 org.gradle.api.internal.artifacts.ivyservice.ShortcircuitEmptyConfigsArtifactDependencyResolver.resolve(Lorg/gradle/api/internal/artifacts/configurations/ConfigurationInternal;Ljava/util/List;Lorg/gradle/api/internal/artifacts/GlobalDependencyResolutionRules;Lorg/gradle/api/internal/artifacts/ResolverResults;)V (94 bytes) @ 0x00000000043b5004 [0x00000000043b3da0+0x1264]
J 19694 C1 org.gradle.api.internal.artifacts.ivyservice.ErrorHandlingArtifactDependencyResolver.resolve(Lorg/gradle/api/internal/artifacts/configurations/ConfigurationInternal;Ljava/util/List;Lorg/gradle/api/internal/artifacts/GlobalDependencyResolutionRules;Lorg/gradle/api/internal/artifacts/ResolverResults;)V (81 bytes) @ 0x00000000058182bc [0x00000000058181a0+0x11c]
J 17538 C1 org.gradle.api.internal.artifacts.ivyservice.DefaultConfigurationResolver.resolve(Lorg/gradle/api/internal/artifacts/configurations/ConfigurationInternal;)Lorg/gradle/api/internal/artifacts/ResolverResults; (40 bytes) @ 0x00000000040778d4 [0x0000000004077300+0x5d4]
J 12722 C1 org.gradle.api.internal.artifacts.configurations.DefaultConfiguration.resolveNow()V (146 bytes) @ 0x0000000005181d7c [0x0000000005181980+0x3fc]
J 13415 C1 org.gradle.api.internal.artifacts.configurations.DefaultConfiguration_Decorated.getResolvedConfiguration()Lorg/gradle/api/artifacts/ResolvedConfiguration; (25 bytes) @ 0x0000000005922f84 [0x0000000005922620+0x964]
J 17309 C1 sun.reflect.GeneratedMethodAccessor65.invoke(Ljava/lang/Object;[Ljava/lang/Object;)Ljava/lang/Object; (63 bytes) @ 0x000000000406ce54 [0x000000000406cba0+0x2b4]
J 5592 C2 java.lang.reflect.Method.invoke(Ljava/lang/Object;[Ljava/lang/Object;)Ljava/lang/Object; (62 bytes) @ 0x00000000038e5bd0 [0x00000000038e5b40+0x90]
J 9029 C2 org.gradle.api.internal.CompositeDynamicObject.getProperty(Ljava/lang/String;)Ljava/lang/Object; (128 bytes) @ 0x0000000004a97574 [0x0000000004a97360+0x214]
J 10959 C1 org.gradle.api.internal.artifacts.configurations.DefaultConfiguration_Decorated.getProperty(Ljava/lang/String;)Ljava/lang/Object; (11 bytes) @ 0x00000000050eeb0c [0x00000000050ee600+0x50c]
J 8497 C2 org.codehaus.groovy.runtime.callsite.PogoGetPropertySite.getProperty(Ljava/lang/Object;)Ljava/lang/Object; (20 bytes) @ 0x000000000332b850 [0x000000000332b7e0+0x70]
J 7988 C2 org.codehaus.groovy.runtime.callsite.AbstractCallSite.callGetProperty(Ljava/lang/Object;)Ljava/lang/Object; (12 bytes) @ 0x000000000432d278 [0x000000000432d220+0x58]
j  com.android.build.gradle.BasePlugin.collectArtifacts(Lorg/gradle/api/artifacts/Configuration;Ljava/util/Map;)V+241
j  com.android.build.gradle.BasePlugin.this$2$collectArtifacts(Lorg/gradle/api/artifacts/Configuration;Ljava/util/Map;)V+3
j  com.android.build.gradle.BasePlugin$this$2$collectArtifacts$2.callCurrent(Lgroovy/lang/GroovyObject;[Ljava/lang/Object;)Ljava/lang/Object;+25
J 6738 C1 org.codehaus.groovy.runtime.callsite.AbstractCallSite.callCurrent(Lgroovy/lang/GroovyObject;[Ljava/lang/Object;)Ljava/lang/Object; (7 bytes) @ 0x00000000043b2a3c [0x00000000043b2820+0x21c]
J 17540 C1 org.codehaus.groovy.runtime.callsite.AbstractCallSite.callCurrent(Lgroovy/lang/GroovyObject;Ljava/lang/Object;Ljava/lang/Object;)Ljava/lang/Object; (11 bytes) @ 0x0000000005d8cda4 [0x0000000005d8c9a0+0x404]
j  com.android.build.gradle.BasePlugin.resolveDependencyForConfig(Lcom/android/build/gradle/internal/dependency/VariantDependencies;Ljava/util/Map;Ljava/util/Map;Lcom/google/common/collect/Multimap;)V+255
j  com.android.build.gradle.BasePlugin.this$2$resolveDependencyForConfig(Lcom/android/build/gradle/internal/dependency/VariantDependencies;Ljava/util/Map;Ljava/util/Map;Lcom/google/common/collect/Multimap;)V+6
j  com.android.build.gradle.BasePlugin$this$2$resolveDependencyForConfig$1.callCurrent(Lgroovy/lang/GroovyObject;[Ljava/lang/Object;)Ljava/lang/Object;+37
J 6738 C1 org.codehaus.groovy.runtime.callsite.AbstractCallSite.callCurrent(Lgroovy/lang/GroovyObject;[Ljava/lang/Object;)Ljava/lang/Object; (7 bytes) @ 0x00000000043b2a3c [0x00000000043b2820+0x21c]
j  org.codehaus.groovy.runtime.callsite.AbstractCallSite.callCurrent(Lgroovy/lang/GroovyObject;Ljava/lang/Object;Ljava/lang/Object;Ljava/lang/Object;Ljava/lang/Object;)Ljava/lang/Object;+11
j  com.android.build.gradle.BasePlugin.resolveDependencies(Lcom/android/build/gradle/internal/dependency/VariantDependencies;)V+78
j  com.android.build.gradle.internal.VariantManager.createVariantData(Lcom/android/builder/model/BuildType;Ljava/util/List;Lcom/android/builder/model/SigningConfig;)Lcom/android/build/gradle/internal/variant/BaseVariantData;+630
j  com.android.build.gradle.internal.VariantManager.createVariantDataForProductFlavors(Lcom/android/builder/model/SigningConfig;Ljava/util/List;)V+178
j  com.android.build.gradle.internal.VariantManager.populateVariantDataList(Lcom/android/builder/model/SigningConfig;)V+24
j  com.android.build.gradle.internal.VariantManager.createAndroidTasks(Lcom/android/builder/model/SigningConfig;)V+77
j  com.android.build.gradle.internal.VariantManager$createAndroidTasks.call(Ljava/lang/Object;[Ljava/lang/Object;)Ljava/lang/Object;+19
J 12707 C2 org.codehaus.groovy.runtime.callsite.AbstractCallSite.call(Ljava/lang/Object;[Ljava/lang/Object;)Ljava/lang/Object; (7 bytes) @ 0x0000000003b072f4 [0x0000000003b072a0+0x54]
J 13717 C2 org.codehaus.groovy.runtime.callsite.AbstractCallSite.call(Ljava/lang/Object;Ljava/lang/Object;)Ljava/lang/Object; (10 bytes) @ 0x00000000043d8308 [0x00000000043d8260+0xa8]
j  com.android.build.gradle.BasePlugin.createAndroidTasks(Z)V+519
v  ~StubRoutines::call_stub
J 2069  sun.reflect.NativeMethodAccessorImpl.invoke0(Ljava/lang/reflect/Method;Ljava/lang/Object;[Ljava/lang/Object;)Ljava/lang/Object; (0 bytes) @ 0x0000000003583dff [0x0000000003583d80+0x7f]
J 8068 C2 sun.reflect.NativeMethodAccessorImpl.invoke(Ljava/lang/Object;[Ljava/lang/Object;)Ljava/lang/Object; (104 bytes) @ 0x00000000046c9514 [0x00000000046c94a0+0x74]
J 5592 C2 java.lang.reflect.Method.invoke(Ljava/lang/Object;[Ljava/lang/Object;)Ljava/lang/Object; (62 bytes) @ 0x00000000038e5bd0 [0x00000000038e5b40+0x90]
J 8492 C2 groovy.lang.MetaMethod.doMethodInvoke(Ljava/lang/Object;[Ljava/lang/Object;)Ljava/lang/Object; (22 bytes) @ 0x000000000431a268 [0x000000000431a120+0x148]
j  org.codehaus.groovy.runtime.metaclass.ClosureMetaClass.invokeMethod(Ljava/lang/Class;Ljava/lang/Object;Ljava/lang/String;[Ljava/lang/Object;ZZ)Ljava/lang/Object;+806
J 14842 C2 groovy.lang.MetaClassImpl.invokeMethod(Ljava/lang/Object;Ljava/lang/String;[Ljava/lang/Object;)Ljava/lang/Object; (14 bytes) @ 0x00000000044857f8 [0x00000000044857a0+0x58]
J 7698 C1 org.codehaus.groovy.runtime.callsite.PogoMetaClassSite.callCurrent(Lgroovy/lang/GroovyObject;[Ljava/lang/Object;)Ljava/lang/Object; (92 bytes) @ 0x0000000003029334 [0x0000000003028ec0+0x474]
J 6738 C1 org.codehaus.groovy.runtime.callsite.AbstractCallSite.callCurrent(Lgroovy/lang/GroovyObject;[Ljava/lang/Object;)Ljava/lang/Object; (7 bytes) @ 0x00000000043b2a3c [0x00000000043b2820+0x21c]
J 7189 C1 org.codehaus.groovy.runtime.callsite.AbstractCallSite.callCurrent(Lgroovy/lang/GroovyObject;Ljava/lang/Object;)Ljava/lang/Object; (10 bytes) @ 0x000000000453d2ac [0x000000000453cfc0+0x2ec]
j  com.android.build.gradle.BasePlugin$_createTasks_closure9.doCall(Ljava/lang/Object;)Ljava/lang/Object;+13
v  ~StubRoutines::call_stub
J 2069  sun.reflect.NativeMethodAccessorImpl.invoke0(Ljava/lang/reflect/Method;Ljava/lang/Object;[Ljava/lang/Object;)Ljava/lang/Object; (0 bytes) @ 0x0000000003583dff [0x0000000003583d80+0x7f]
J 8068 C2 sun.reflect.NativeMethodAccessorImpl.invoke(Ljava/lang/Object;[Ljava/lang/Object;)Ljava/lang/Object; (104 bytes) @ 0x00000000046c9514 [0x00000000046c94a0+0x74]
J 5592 C2 java.lang.reflect.Method.invoke(Ljava/lang/Object;[Ljava/lang/Object;)Ljava/lang/Object; (62 bytes) @ 0x00000000038e5bd0 [0x00000000038e5b40+0x90]
J 8492 C2 groovy.lang.MetaMethod.doMethodInvoke(Ljava/lang/Object;[Ljava/lang/Object;)Ljava/lang/Object; (22 bytes) @ 0x000000000431a268 [0x000000000431a120+0x148]
j  org.codehaus.groovy.runtime.metaclass.ClosureMetaClass.invokeMethod(Ljava/lang/Class;Ljava/lang/Object;Ljava/lang/String;[Ljava/lang/Object;ZZ)Ljava/lang/Object;+241
J 14842 C2 groovy.lang.MetaClassImpl.invokeMethod(Ljava/lang/Object;Ljava/lang/String;[Ljava/lang/Object;)Ljava/lang/Object; (14 bytes) @ 0x00000000044857f8 [0x00000000044857a0+0x58]
j  groovy.lang.Closure.call([Ljava/lang/Object;)Ljava/lang/Object;+8
j  org.gradle.listener.ClosureBackedMethodInvocationDispatch.dispatch(Lorg/gradle/messaging/dispatch/MethodInvocation;)V+62
j  org.gradle.listener.ClosureBackedMethodInvocationDispatch.dispatch(Ljava/lang/Object;)V+5
J 8983 C2 org.gradle.messaging.dispatch.ProxyDispatchAdapter$DispatchingInvocationHandler.invoke(Ljava/lang/Object;Ljava/lang/reflect/Method;[Ljava/lang/Object;)Ljava/lang/Object; (179 bytes) @ 0x0000000003fb9b88 [0x0000000003fb95e0+0x5a8]
J 19678 C1 com.sun.proxy.$Proxy13.afterEvaluate(Lorg/gradle/api/Project;Lorg/gradle/api/ProjectState;)V (38 bytes) @ 0x0000000003601c3c [0x0000000003601860+0x3dc]
j  org.gradle.configuration.project.LifecycleProjectEvaluator.notifyAfterEvaluate(Lorg/gradle/api/ProjectEvaluationListener;Lorg/gradle/api/internal/project/ProjectInternal;Lorg/gradle/api/internal/project/ProjectStateInternal;)V+3
j  org.gradle.configuration.project.LifecycleProjectEvaluator.evaluate(Lorg/gradle/api/internal/project/ProjectInternal;Lorg/gradle/api/internal/project/ProjectStateInternal;)V+72
j  org.gradle.api.internal.project.AbstractProject.evaluate()Lorg/gradle/api/internal/project/AbstractProject;+9
j  org.gradle.api.internal.project.AbstractProject.evaluate()Lorg/gradle/api/Project;+1
j  org.gradle.execution.TaskPathProjectEvaluator.configureHierarchy(Lorg/gradle/api/internal/project/ProjectInternal;)V+82
j  org.gradle.configuration.DefaultBuildConfigurer.configure(Lorg/gradle/api/internal/GradleInternal;)V+50
j  org.gradle.initialization.DefaultGradleLauncher.doBuildStages(Lorg/gradle/initialization/DefaultGradleLauncher$Stage;)V+85
j  org.gradle.initialization.DefaultGradleLauncher.doBuild(Lorg/gradle/initialization/DefaultGradleLauncher$Stage;)Lorg/gradle/BuildResult;+27
j  org.gradle.initialization.DefaultGradleLauncher.getBuildAnalysis()Lorg/gradle/BuildResult;+4
j  org.gradle.launcher.exec.InProcessBuildActionExecuter$DefaultBuildController.configure()Lorg/gradle/api/internal/GradleInternal;+5
j  org.gradle.tooling.internal.provider.ClientProvidedBuildAction.run(Lorg/gradle/initialization/BuildController;)Lorg/gradle/tooling/internal/provider/BuildActionResult;+39
j  org.gradle.tooling.internal.provider.ClientProvidedBuildAction.run(Lorg/gradle/initialization/BuildController;)Ljava/lang/Object;+2
j  org.gradle.tooling.internal.provider.ConfiguringBuildAction.run(Lorg/gradle/initialization/BuildController;)Ljava/lang/Object;+15
j  org.gradle.launcher.exec.InProcessBuildActionExecuter.execute(Lorg/gradle/initialization/BuildAction;Lorg/gradle/initialization/BuildCancellationToken;Lorg/gradle/launcher/exec/BuildActionParameters;)Ljava/lang/Object;+19
j  org.gradle.launcher.exec.InProcessBuildActionExecuter.execute(Lorg/gradle/initialization/BuildAction;Lorg/gradle/initialization/BuildCancellationToken;Ljava/lang/Object;)Ljava/lang/Object;+7
j  org.gradle.launcher.daemon.server.exec.ExecuteBuild.doBuild(Lorg/gradle/launcher/daemon/server/exec/DaemonCommandExecution;Lorg/gradle/launcher/daemon/protocol/Build;)V+47
j  org.gradle.launcher.daemon.server.exec.BuildCommandOnly.execute(Lorg/gradle/launcher/daemon/server/exec/DaemonCommandExecution;)V+49
J 15101 C1 org.gradle.launcher.daemon.server.exec.DaemonCommandExecution.proceed()Z (35 bytes) @ 0x0000000002fc5b94 [0x0000000002fc57e0+0x3b4]
j  org.gradle.launcher.daemon.server.exec.WatchForDisconnection.execute(Lorg/gradle/launcher/daemon/server/exec/DaemonCommandExecution;)V+19
J 15101 C1 org.gradle.launcher.daemon.server.exec.DaemonCommandExecution.proceed()Z (35 bytes) @ 0x0000000002fc5b94 [0x0000000002fc57e0+0x3b4]
j  org.gradle.launcher.daemon.server.exec.ResetDeprecationLogger.execute(Lorg/gradle/launcher/daemon/server/exec/DaemonCommandExecution;)V+4
J 15101 C1 org.gradle.launcher.daemon.server.exec.DaemonCommandExecution.proceed()Z (35 bytes) @ 0x0000000002fc5b94 [0x0000000002fc57e0+0x3b4]
j  org.gradle.launcher.daemon.server.exec.StartStopIfBuildAndStop.execute(Lorg/gradle/launcher/daemon/server/exec/DaemonCommandExecution;)V+34
J 15101 C1 org.gradle.launcher.daemon.server.exec.DaemonCommandExecution.proceed()Z (35 bytes) @ 0x0000000002fc5b94 [0x0000000002fc57e0+0x3b4]
j  org.gradle.launcher.daemon.server.exec.ForwardClientInput$2.call()Ljava/lang/Void;+4
j  org.gradle.launcher.daemon.server.exec.ForwardClientInput$2.call()Ljava/lang/Object;+1
j  org.gradle.util.Swapper.swap(Ljava/lang/Object;Ljava/util/concurrent/Callable;)Ljava/lang/Object;+21
j  org.gradle.launcher.daemon.server.exec.ForwardClientInput.execute(Lorg/gradle/launcher/daemon/server/exec/DaemonCommandExecution;)V+63
J 15101 C1 org.gradle.launcher.daemon.server.exec.DaemonCommandExecution.proceed()Z (35 bytes) @ 0x0000000002fc5b94 [0x0000000002fc57e0+0x3b4]
j  org.gradle.launcher.daemon.server.exec.LogToClient.doBuild(Lorg/gradle/launcher/daemon/server/exec/DaemonCommandExecution;Lorg/gradle/launcher/daemon/protocol/Build;)V+92
j  org.gradle.launcher.daemon.server.exec.BuildCommandOnly.execute(Lorg/gradle/launcher/daemon/server/exec/DaemonCommandExecution;)V+49
J 15101 C1 org.gradle.launcher.daemon.server.exec.DaemonCommandExecution.proceed()Z (35 bytes) @ 0x0000000002fc5b94 [0x0000000002fc57e0+0x3b4]
j  org.gradle.launcher.daemon.server.exec.EstablishBuildEnvironment.doBuild(Lorg/gradle/launcher/daemon/server/exec/DaemonCommandExecution;Lorg/gradle/launcher/daemon/protocol/Build;)V+237
j  org.gradle.launcher.daemon.server.exec.BuildCommandOnly.execute(Lorg/gradle/launcher/daemon/server/exec/DaemonCommandExecution;)V+49
J 15101 C1 org.gradle.launcher.daemon.server.exec.DaemonCommandExecution.proceed()Z (35 bytes) @ 0x0000000002fc5b94 [0x0000000002fc57e0+0x3b4]
j  org.gradle.launcher.daemon.server.exec.DaemonHygieneAction.execute(Lorg/gradle/launcher/daemon/server/exec/DaemonCommandExecution;)V+1
J 15101 C1 org.gradle.launcher.daemon.server.exec.DaemonCommandExecution.proceed()Z (35 bytes) @ 0x0000000002fc5b94 [0x0000000002fc57e0+0x3b4]
j  org.gradle.launcher.daemon.server.exec.StartBuildOrRespondWithBusy$1.run()V+44
j  org.gradle.launcher.daemon.server.DaemonStateCoordinator$1.run()V+4
j  org.gradle.internal.concurrent.DefaultExecutorFactory$StoppableExecutorImpl$1.run()V+18
j  java.util.concurrent.ThreadPoolExecutor.runWorker(Ljava/util/concurrent/ThreadPoolExecutor$Worker;)V+95
j  java.util.concurrent.ThreadPoolExecutor$Worker.run()V+5
j  java.lang.Thread.run()V+11
v  ~StubRoutines::call_stub

---------------  P R O C E S S  ---------------

Java Threads: ( => current thread )
  0x0000000019f50000 JavaThread "Stdin handler" [_thread_blocked, id=7784, stack(0x0000000000eb0000,0x0000000000fb0000)]
=>0x0000000019f4a000 JavaThread "Daemon worker Thread 16" [_thread_in_native, id=5752, stack(0x0000000000bb0000,0x0000000000cb0000)]
  0x0000000019f4d000 JavaThread "Cancel handler" [_thread_blocked, id=15444, stack(0x0000000000450000,0x0000000000550000)]
  0x0000000019f4c800 JavaThread "Handler for socket connection from /127.0.0.1:65027 to /127.0.0.1:50306" [_thread_in_native, id=12480, stack(0x0000000000220000,0x0000000000320000)]
  0x0000000019f4b800 JavaThread "Daemon Thread 16" [_thread_blocked, id=3080, stack(0x0000000000120000,0x0000000000220000)]
  0x000000001c69a000 JavaThread "File lock request listener" [_thread_in_native, id=12248, stack(0x000000001fd20000,0x000000001fe20000)]
  0x0000000019742800 JavaThread "Incoming local TCP Connector on port 65027" [_thread_in_native, id=15344, stack(0x000000001acf0000,0x000000001adf0000)]
  0x0000000017a3f000 JavaThread "Service Thread" daemon [_thread_blocked, id=9076, stack(0x0000000018370000,0x0000000018470000)]
  0x00000000179ab800 JavaThread "C1 CompilerThread3" daemon [_thread_blocked, id=5416, stack(0x0000000018270000,0x0000000018370000)]
  0x000000001799f800 JavaThread "C2 CompilerThread2" daemon [_thread_blocked, id=6176, stack(0x0000000018170000,0x0000000018270000)]
  0x000000001799d000 JavaThread "C2 CompilerThread1" daemon [_thread_blocked, id=9508, stack(0x0000000018070000,0x0000000018170000)]
  0x000000001799a800 JavaThread "C2 CompilerThread0" daemon [_thread_blocked, id=6448, stack(0x0000000017f70000,0x0000000018070000)]
  0x0000000017998800 JavaThread "Attach Listener" daemon [_thread_blocked, id=8120, stack(0x0000000017e70000,0x0000000017f70000)]
  0x0000000017997800 JavaThread "Signal Dispatcher" daemon [_thread_blocked, id=8856, stack(0x0000000017d70000,0x0000000017e70000)]
  0x000000001597c800 JavaThread "Finalizer" daemon [_thread_blocked, id=14788, stack(0x0000000017870000,0x0000000017970000)]
  0x0000000002e53800 JavaThread "Reference Handler" daemon [_thread_blocked, id=3680, stack(0x0000000017770000,0x0000000017870000)]
  0x0000000002c5e800 JavaThread "main" [_thread_blocked, id=10848, stack(0x0000000002c60000,0x0000000002d60000)]

Other Threads:
  0x0000000015978000 VMThread [stack: 0x0000000017670000,0x0000000017770000] [id=1396]
  0x0000000017a41000 WatcherThread [stack: 0x0000000018470000,0x0000000018570000] [id=11268]

VM state:not at safepoint (normal execution)

VM Mutex/Monitor currently owned by a thread: None

Heap:
 PSYoungGen      total 261120K, used 82060K [0x00000000eab00000, 0x0000000100000000, 0x0000000100000000)
  eden space 176640K, 41% used [0x00000000eab00000,0x00000000ef2f3150,0x00000000f5780000)
  from space 84480K, 9% used [0x00000000fa900000,0x00000000fb1300b0,0x00000000ffb80000)
  to   space 83456K, 0% used [0x00000000f5780000,0x00000000f5780000,0x00000000fa900000)
 ParOldGen       total 553984K, used 121526K [0x00000000c0000000, 0x00000000e1d00000, 0x00000000eab00000)
  object space 553984K, 21% used [0x00000000c0000000,0x00000000c76adb60,0x00000000e1d00000)
 Metaspace       used 87845K, capacity 93783K, committed 247976K, reserved 1247232K
  class space    used 11648K, capacity 13550K, committed 49320K, reserved 1048576K

Card table byte_map: [0x0000000012220000,0x0000000012430000] byte_map_base: 0x0000000011c20000

Marking Bits: (ParMarkBitMap*) 0x000000005df1b460
 Begin Bits: [0x0000000012d90000, 0x0000000013d90000)
 End Bits:   [0x0000000013d90000, 0x0000000014d90000)

Polling page: 0x00000000012d0000

CodeCache: size=245760Kb used=55934Kb max_used=58317Kb free=189825Kb
 bounds [0x0000000002e60000, 0x0000000006820000, 0x0000000011e60000]
 total_blobs=13627 nmethods=12907 adapters=630
 compilation: enabled

Compilation events (10 events):
Event: 4621.159 Thread 0x000000001799d000 20187       4       sun.security.util.Cache$EqualByteArray::hashCode (57 bytes)
Event: 4621.160 Thread 0x00000000179ab800 20188       3       sun.security.x509.X509AttributeName::<init> (56 bytes)
Event: 4621.160 Thread 0x00000000179ab800 nmethod 20188 0x000000000668f790 code [0x000000000668f920, 0x000000000668fee8]
Event: 4621.161 Thread 0x00000000179ab800 20189   !   3       java.io.BufferedReader::read (104 bytes)
Event: 4621.162 Thread 0x00000000179ab800 nmethod 20189 0x0000000004712710 code [0x00000000047128c0, 0x0000000004712f58]
Event: 4621.163 Thread 0x000000001799d000 nmethod 20187 0x0000000003f1ca50 code [0x0000000003f1cb80, 0x0000000003f1cdd8]
Event: 4621.163 Thread 0x00000000179ab800 20190       3       sun.security.provider.X509Factory::readOneBlock (411 bytes)
Event: 4621.167 Thread 0x00000000179ab800 nmethod 20190 0x00000000059f3350 code [0x00000000059f3800, 0x00000000059f6dd8]
Event: 4621.167 Thread 0x00000000179ab800 20191       3       sun.security.util.DerValue::init (207 bytes)
Event: 4621.170 Thread 0x00000000179ab800 nmethod 20191 0x0000000003ec1750 code [0x0000000003ec1a80, 0x0000000003ec3438]

GC Heap History (10 events):
Event: 3262.088 GC heap before
{Heap before GC invocations=110 (full 19):
 PSYoungGen      total 265216K, used 137264K [0x00000000eab00000, 0x0000000100000000, 0x0000000100000000)
  eden space 187904K, 44% used [0x00000000eab00000,0x00000000efca9e00,0x00000000f6280000)
  from space 77312K, 69% used [0x00000000fb000000,0x00000000fe462548,0x00000000ffb80000)
  to   space 79360K, 0% used [0x00000000f6280000,0x00000000f6280000,0x00000000fb000000)
 ParOldGen       total 553984K, used 277299K [0x00000000c0000000, 0x00000000e1d00000, 0x00000000eab00000)
  object space 553984K, 50% used [0x00000000c0000000,0x00000000d0eccda0,0x00000000e1d00000)
 Metaspace       used 107489K, capacity 116991K, committed 268456K, reserved 1267712K
  class space    used 14863K, capacity 18034K, committed 49320K, reserved 1048576K
Event: 3262.117 GC heap after
Heap after GC invocations=110 (full 19):
 PSYoungGen      total 267264K, used 56773K [0x00000000eab00000, 0x0000000100000000, 0x0000000100000000)
  eden space 187904K, 0% used [0x00000000eab00000,0x00000000eab00000,0x00000000f6280000)
  from space 79360K, 71% used [0x00000000f6280000,0x00000000f99f1550,0x00000000fb000000)
  to   space 81920K, 0% used [0x00000000fb000000,0x00000000fb000000,0x0000000100000000)
 ParOldGen       total 553984K, used 277299K [0x00000000c0000000, 0x00000000e1d00000, 0x00000000eab00000)
  object space 553984K, 50% used [0x00000000c0000000,0x00000000d0eccda0,0x00000000e1d00000)
 Metaspace       used 107489K, capacity 116991K, committed 268456K, reserved 1267712K
  class space    used 14863K, capacity 18034K, committed 49320K, reserved 1048576K
}
Event: 3262.117 GC heap before
{Heap before GC invocations=111 (full 20):
 PSYoungGen      total 267264K, used 56773K [0x00000000eab00000, 0x0000000100000000, 0x0000000100000000)
  eden space 187904K, 0% used [0x00000000eab00000,0x00000000eab00000,0x00000000f6280000)
  from space 79360K, 71% used [0x00000000f6280000,0x00000000f99f1550,0x00000000fb000000)
  to   space 81920K, 0% used [0x00000000fb000000,0x00000000fb000000,0x0000000100000000)
 ParOldGen       total 553984K, used 277299K [0x00000000c0000000, 0x00000000e1d00000, 0x00000000eab00000)
  object space 553984K, 50% used [0x00000000c0000000,0x00000000d0eccda0,0x00000000e1d00000)
 Metaspace       used 107489K, capacity 116991K, committed 268456K, reserved 1267712K
  class space    used 14863K, capacity 18034K, committed 49320K, reserved 1048576K
Event: 3262.601 GC heap after
Heap after GC invocations=111 (full 20):
 PSYoungGen      total 267264K, used 0K [0x00000000eab00000, 0x0000000100000000, 0x0000000100000000)
  eden space 187904K, 0% used [0x00000000eab00000,0x00000000eab00000,0x00000000f6280000)
  from space 79360K, 0% used [0x00000000f6280000,0x00000000f6280000,0x00000000fb000000)
  to   space 81920K, 0% used [0x00000000fb000000,0x00000000fb000000,0x0000000100000000)
 ParOldGen       total 553984K, used 121526K [0x00000000c0000000, 0x00000000e1d00000, 0x00000000eab00000)
  object space 553984K, 21% used [0x00000000c0000000,0x00000000c76adb60,0x00000000e1d00000)
 Metaspace       used 81706K, capacity 86733K, committed 247976K, reserved 1247232K
  class space    used 10810K, capacity 12356K, committed 49320K, reserved 1048576K
}
Event: 4616.600 GC heap before
{Heap before GC invocations=112 (full 20):
 PSYoungGen      total 267264K, used 187904K [0x00000000eab00000, 0x0000000100000000, 0x0000000100000000)
  eden space 187904K, 100% used [0x00000000eab00000,0x00000000f6280000,0x00000000f6280000)
  from space 79360K, 0% used [0x00000000f6280000,0x00000000f6280000,0x00000000fb000000)
  to   space 81920K, 0% used [0x00000000fb000000,0x00000000fb000000,0x0000000100000000)
 ParOldGen       total 553984K, used 121526K [0x00000000c0000000, 0x00000000e1d00000, 0x00000000eab00000)
  object space 553984K, 21% used [0x00000000c0000000,0x00000000c76adb60,0x00000000e1d00000)
 Metaspace       used 81921K, capacity 87217K, committed 247976K, reserved 1247232K
  class space    used 10852K, capacity 12476K, committed 49320K, reserved 1048576K
Event: 4616.609 GC heap after
Heap after GC invocations=112 (full 20):
 PSYoungGen      total 262144K, used 2592K [0x00000000eab00000, 0x0000000100000000, 0x0000000100000000)
  eden space 180224K, 0% used [0x00000000eab00000,0x00000000eab00000,0x00000000f5b00000)
  from space 81920K, 3% used [0x00000000fb000000,0x00000000fb288000,0x0000000100000000)
  to   space 84480K, 0% used [0x00000000f5b00000,0x00000000f5b00000,0x00000000fad80000)
 ParOldGen       total 553984K, used 121526K [0x00000000c0000000, 0x00000000e1d00000, 0x00000000eab00000)
  object space 553984K, 21% used [0x00000000c0000000,0x00000000c76adb60,0x00000000e1d00000)
 Metaspace       used 81921K, capacity 87217K, committed 247976K, reserved 1247232K
  class space    used 10852K, capacity 12476K, committed 49320K, reserved 1048576K
}
Event: 4618.740 GC heap before
{Heap before GC invocations=113 (full 20):
 PSYoungGen      total 262144K, used 182816K [0x00000000eab00000, 0x0000000100000000, 0x0000000100000000)
  eden space 180224K, 100% used [0x00000000eab00000,0x00000000f5b00000,0x00000000f5b00000)
  from space 81920K, 3% used [0x00000000fb000000,0x00000000fb288000,0x0000000100000000)
  to   space 84480K, 0% used [0x00000000f5b00000,0x00000000f5b00000,0x00000000fad80000)
 ParOldGen       total 553984K, used 121526K [0x00000000c0000000, 0x00000000e1d00000, 0x00000000eab00000)
  object space 553984K, 21% used [0x00000000c0000000,0x00000000c76adb60,0x00000000e1d00000)
 Metaspace       used 83001K, capacity 88737K, committed 247976K, reserved 1247232K
  class space    used 10998K, capacity 12836K, committed 49320K, reserved 1048576K
Event: 4618.751 GC heap after
Heap after GC invocations=113 (full 20):
 PSYoungGen      total 184320K, used 8638K [0x00000000eab00000, 0x00000000ffb80000, 0x0000000100000000)
  eden space 175616K, 0% used [0x00000000eab00000,0x00000000eab00000,0x00000000f5680000)
  from space 8704K, 99% used [0x00000000f5b00000,0x00000000f636fab8,0x00000000f6380000)
  to   space 84480K, 0% used [0x00000000fa900000,0x00000000fa900000,0x00000000ffb80000)
 ParOldGen       total 553984K, used 121526K [0x00000000c0000000, 0x00000000e1d00000, 0x00000000eab00000)
  object space 553984K, 21% used [0x00000000c0000000,0x00000000c76adb60,0x00000000e1d00000)
 Metaspace       used 83001K, capacity 88737K, committed 247976K, reserved 1247232K
  class space    used 10998K, capacity 12836K, committed 49320K, reserved 1048576K
}
Event: 4619.438 GC heap before
{Heap before GC invocations=114 (full 20):
 PSYoungGen      total 184320K, used 184254K [0x00000000eab00000, 0x00000000ffb80000, 0x0000000100000000)
  eden space 175616K, 100% used [0x00000000eab00000,0x00000000f5680000,0x00000000f5680000)
  from space 8704K, 99% used [0x00000000f5b00000,0x00000000f636fab8,0x00000000f6380000)
  to   space 84480K, 0% used [0x00000000fa900000,0x00000000fa900000,0x00000000ffb80000)
 ParOldGen       total 553984K, used 121526K [0x00000000c0000000, 0x00000000e1d00000, 0x00000000eab00000)
  object space 553984K, 21% used [0x00000000c0000000,0x00000000c76adb60,0x00000000e1d00000)
 Metaspace       used 83001K, capacity 88737K, committed 247976K, reserved 1247232K
  class space    used 10998K, capacity 12836K, committed 49320K, reserved 1048576K
Event: 4619.445 GC heap after
Heap after GC invocations=114 (full 20):
 PSYoungGen      total 261120K, used 8384K [0x00000000eab00000, 0x0000000100000000, 0x0000000100000000)
  eden space 176640K, 0% used [0x00000000eab00000,0x00000000eab00000,0x00000000f5780000)
  from space 84480K, 9% used [0x00000000fa900000,0x00000000fb1300b0,0x00000000ffb80000)
  to   space 83456K, 0% used [0x00000000f5780000,0x00000000f5780000,0x00000000fa900000)
 ParOldGen       total 553984K, used 121526K [0x00000000c0000000, 0x00000000e1d00000, 0x00000000eab00000)
  object space 553984K, 21% used [0x00000000c0000000,0x00000000c76adb60,0x00000000e1d00000)
 Metaspace       used 83001K, capacity 88737K, committed 247976K, reserved 1247232K
  class space    used 10998K, capacity 12836K, committed 49320K, reserved 1048576K
}

Deoptimization events (10 events):
Event: 4620.482 Thread 0x0000000019f4a000 Uncommon trap: reason=bimorphic action=maybe_recompile pc=0x00000000066410d8 method=java.security.MessageDigest$Delegate.engineUpdate([BII)V @ 7
Event: 4620.483 Thread 0x0000000019f4a000 Uncommon trap: reason=bimorphic action=maybe_recompile pc=0x0000000003e5f98c method=java.security.MessageDigest$Delegate.engineDigest()[B @ 4
Event: 4620.485 Thread 0x0000000019f4a000 Uncommon trap: reason=bimorphic action=maybe_recompile pc=0x00000000066410d8 method=java.security.MessageDigest$Delegate.engineUpdate([BII)V @ 7
Event: 4620.487 Thread 0x0000000019f4a000 Uncommon trap: reason=bimorphic action=maybe_recompile pc=0x0000000003e5f98c method=java.security.MessageDigest$Delegate.engineDigest()[B @ 4
Event: 4620.487 Thread 0x0000000019f4a000 Uncommon trap: reason=bimorphic action=maybe_recompile pc=0x00000000066410d8 method=java.security.MessageDigest$Delegate.engineUpdate([BII)V @ 7
Event: 4620.488 Thread 0x0000000019f4a000 Uncommon trap: reason=bimorphic action=maybe_recompile pc=0x00000000066410d8 method=java.security.MessageDigest$Delegate.engineUpdate([BII)V @ 7
Event: 4620.488 Thread 0x0000000019f4a000 Uncommon trap: reason=bimorphic action=maybe_recompile pc=0x0000000003e5f98c method=java.security.MessageDigest$Delegate.engineDigest()[B @ 4
Event: 4620.489 Thread 0x0000000019f4a000 Uncommon trap: reason=bimorphic action=maybe_recompile pc=0x0000000004baa2d0 method=java.security.MessageDigest$Delegate.engineUpdate([BII)V @ 7
Event: 4620.490 Thread 0x0000000019f4a000 Uncommon trap: reason=bimorphic action=maybe_recompile pc=0x0000000003e5f98c method=java.security.MessageDigest$Delegate.engineDigest()[B @ 4
Event: 4620.518 Thread 0x0000000019f4a000 Uncommon trap: reason=bimorphic action=maybe_recompile pc=0x000000000349fc40 method=sun.security.provider.DigestBase.engineUpdate([BII)V @ 128

Internal exceptions (10 events):
Event: 4621.108 Thread 0x0000000019f4a000 Exception <a 'java/security/PrivilegedActionException'> (0x00000000ef1a9770) thrown at [D:\re\workspace\8-2-build-windows-amd64-cygwin\jdk8u20\1074\hotspot\src\share\vm\prims\jvm.cpp, line 1275]
Event: 4621.109 Thread 0x0000000019f4a000 Exception <a 'java/security/PrivilegedActionException'> (0x00000000ef1b19b8) thrown at [D:\re\workspace\8-2-build-windows-amd64-cygwin\jdk8u20\1074\hotspot\src\share\vm\prims\jvm.cpp, line 1275]
Event: 4621.109 Thread 0x0000000019f4a000 Exception <a 'java/security/PrivilegedActionException'> (0x00000000ef1b3140) thrown at [D:\re\workspace\8-2-build-windows-amd64-cygwin\jdk8u20\1074\hotspot\src\share\vm\prims\jvm.cpp, line 1275]
Event: 4621.109 Thread 0x0000000019f4a000 Exception <a 'java/security/PrivilegedActionException'> (0x00000000ef1b9450) thrown at [D:\re\workspace\8-2-build-windows-amd64-cygwin\jdk8u20\1074\hotspot\src\share\vm\prims\jvm.cpp, line 1275]
Event: 4621.110 Thread 0x0000000019f4a000 Exception <a 'java/security/PrivilegedActionException'> (0x00000000ef1c2fb0) thrown at [D:\re\workspace\8-2-build-windows-amd64-cygwin\jdk8u20\1074\hotspot\src\share\vm\prims\jvm.cpp, line 1275]
Event: 4621.110 Thread 0x0000000019f4a000 Exception <a 'java/security/PrivilegedActionException'> (0x00000000ef1c4680) thrown at [D:\re\workspace\8-2-build-windows-amd64-cygwin\jdk8u20\1074\hotspot\src\share\vm\prims\jvm.cpp, line 1275]
Event: 4621.111 Thread 0x0000000019f4a000 Exception <a 'java/security/PrivilegedActionException'> (0x00000000ef1c9ba0) thrown at [D:\re\workspace\8-2-build-windows-amd64-cygwin\jdk8u20\1074\hotspot\src\share\vm\prims\jvm.cpp, line 1275]
Event: 4621.112 Thread 0x0000000019f4a000 Exception <a 'java/security/PrivilegedActionException'> (0x00000000ef1d3b00) thrown at [D:\re\workspace\8-2-build-windows-amd64-cygwin\jdk8u20\1074\hotspot\src\share\vm\prims\jvm.cpp, line 1275]
Event: 4621.112 Thread 0x0000000019f4a000 Exception <a 'java/security/PrivilegedActionException'> (0x00000000ef1d52a0) thrown at [D:\re\workspace\8-2-build-windows-amd64-cygwin\jdk8u20\1074\hotspot\src\share\vm\prims\jvm.cpp, line 1275]
Event: 4621.112 Thread 0x0000000019f4a000 Exception <a 'java/security/PrivilegedActionException'> (0x00000000ef1db740) thrown at [D:\re\workspace\8-2-build-windows-amd64-cygwin\jdk8u20\1074\hotspot\src\share\vm\prims\jvm.cpp, line 1275]

Events (10 events):
Event: 4621.162 loading class javax/crypto/JarVerifier
Event: 4621.163 loading class javax/crypto/JarVerifier done
Event: 4621.163 loading class javax/crypto/JarVerifier$1
Event: 4621.163 loading class javax/crypto/JarVerifier$1 done
Event: 4621.164 loading class sun/security/validator/Validator
Event: 4621.174 loading class sun/security/validator/Validator done
Event: 4621.174 loading class sun/security/validator/SimpleValidator
Event: 4621.175 loading class sun/security/validator/SimpleValidator done
Event: 4621.175 loading class sun/security/validator/EndEntityChecker
Event: 4621.176 loading class sun/security/validator/EndEntityChecker done


Dynamic libraries:
0x00007ff7d3640000 - 0x00007ff7d3674000 	C:\Program Files\Java\jdk1.8.0_20\bin\java.exe
0x00007ffa65e80000 - 0x00007ffa6602c000 	C:\Windows\SYSTEM32\ntdll.dll
0x00007ffa63be0000 - 0x00007ffa63d1e000 	C:\Windows\system32\KERNEL32.DLL
0x00007ffa630a0000 - 0x00007ffa631b5000 	C:\Windows\system32\KERNELBASE.dll
0x00007ffa61b20000 - 0x00007ffa61bae000 	C:\Windows\system32\apphelp.dll
0x00007ffa4abf0000 - 0x00007ffa4ac43000 	C:\Windows\AppPatch\AppPatch64\AcGenral.DLL
0x00007ffa65d60000 - 0x00007ffa65e0a000 	C:\Windows\system32\msvcrt.dll
0x00007ffa62c80000 - 0x00007ffa62cae000 	C:\Windows\SYSTEM32\SspiCli.dll
0x00007ffa63500000 - 0x00007ffa63554000 	C:\Windows\system32\SHLWAPI.dll
0x00007ffa63e10000 - 0x00007ffa63f87000 	C:\Windows\system32\USER32.dll
0x00007ffa639e0000 - 0x00007ffa63b74000 	C:\Windows\system32\ole32.dll
0x00007ffa63f90000 - 0x00007ffa654a8000 	C:\Windows\system32\SHELL32.dll
0x00007ffa625c0000 - 0x00007ffa625e1000 	C:\Windows\SYSTEM32\USERENV.dll
0x00007ffa63930000 - 0x00007ffa639da000 	C:\Windows\system32\ADVAPI32.dll
0x00007ffa54290000 - 0x00007ffa542ae000 	C:\Windows\SYSTEM32\MPR.dll
0x00007ffa635c0000 - 0x00007ffa63701000 	C:\Windows\system32\RPCRT4.dll
0x00007ffa63b80000 - 0x00007ffa63bd9000 	C:\Windows\SYSTEM32\sechost.dll
0x00007ffa63710000 - 0x00007ffa63921000 	C:\Windows\SYSTEM32\combase.dll
0x00007ffa654e0000 - 0x00007ffa65631000 	C:\Windows\system32\GDI32.dll
0x00007ffa62fd0000 - 0x00007ffa62fe5000 	C:\Windows\SYSTEM32\profapi.dll
0x00007ffa61a40000 - 0x00007ffa61af2000 	C:\Windows\SYSTEM32\SHCORE.dll
0x00007ffa65d10000 - 0x00007ffa65d46000 	C:\Windows\system32\IMM32.DLL
0x00007ffa65a90000 - 0x00007ffa65be2000 	C:\Windows\system32\MSCTF.dll
0x00007ffa60580000 - 0x00007ffa607fb000 	C:\Windows\WinSxS\amd64_microsoft.windows.common-controls_6595b64144ccf1df_6.0.9600.17784_none_624760d1ecb7236e\COMCTL32.dll
0x000000005d2c0000 - 0x000000005d392000 	C:\Program Files\Java\jdk1.8.0_20\jre\bin\msvcr100.dll
0x000000005d740000 - 0x000000005df98000 	C:\Program Files\Java\jdk1.8.0_20\jre\bin\server\jvm.dll
0x00007ffa59060000 - 0x00007ffa59069000 	C:\Windows\SYSTEM32\WSOCK32.dll
0x00007ffa614d0000 - 0x00007ffa614f2000 	C:\Windows\SYSTEM32\WINMM.dll
0x00007ffa654b0000 - 0x00007ffa654b7000 	C:\Windows\system32\PSAPI.DLL
0x00007ffa63560000 - 0x00007ffa635ba000 	C:\Windows\system32\WS2_32.dll
0x00007ffa612e0000 - 0x00007ffa6130a000 	C:\Windows\SYSTEM32\WINMMBASE.dll
0x00007ffa65d50000 - 0x00007ffa65d59000 	C:\Windows\system32\NSI.dll
0x00007ffa632d0000 - 0x00007ffa6331f000 	C:\Windows\SYSTEM32\cfgmgr32.dll
0x00007ffa61d80000 - 0x00007ffa61da8000 	C:\Windows\SYSTEM32\DEVOBJ.dll
0x000000005d730000 - 0x000000005d73f000 	C:\Program Files\Java\jdk1.8.0_20\jre\bin\verify.dll
0x000000005d700000 - 0x000000005d728000 	C:\Program Files\Java\jdk1.8.0_20\jre\bin\java.dll
0x000000005d6e0000 - 0x000000005d6f6000 	C:\Program Files\Java\jdk1.8.0_20\jre\bin\zip.dll
0x00007ffa62890000 - 0x00007ffa628b0000 	C:\Windows\SYSTEM32\CRYPTSP.dll
0x00007ffa624b0000 - 0x00007ffa624e6000 	C:\Windows\system32\rsaenh.dll
0x00007ffa62af0000 - 0x00007ffa62b16000 	C:\Windows\SYSTEM32\bcrypt.dll
0x00007ffa62e30000 - 0x00007ffa62e93000 	C:\Windows\system32\bcryptprimitives.dll
0x00007ffa62ea0000 - 0x00007ffa62eab000 	C:\Windows\SYSTEM32\CRYPTBASE.dll
0x000000005d4d0000 - 0x000000005d4ea000 	C:\Program Files\Java\jdk1.8.0_20\jre\bin\net.dll
0x0000000180000000 - 0x0000000180078000 	C:\Windows\system32\ASProxy64.dll
0x00007ffa62830000 - 0x00007ffa62889000 	C:\Windows\SYSTEM32\MSWSOCK.dll
0x00007ffa62020000 - 0x00007ffa6204a000 	C:\Windows\SYSTEM32\IPHLPAPI.DLL
0x00007ffa63d20000 - 0x00007ffa63de1000 	C:\Windows\system32\OLEAUT32.dll
0x00007ffa62010000 - 0x00007ffa6201a000 	C:\Windows\SYSTEM32\VERSION.dll
0x00007ffa62000000 - 0x00007ffa6200a000 	C:\Windows\SYSTEM32\WINNSI.DLL
0x00007ffa61bb0000 - 0x00007ffa61bbb000 	C:\Windows\SYSTEM32\kernel.appcore.dll
0x00007ffa61c00000 - 0x00007ffa61d29000 	C:\Windows\system32\uxtheme.dll
0x00007ffa65bf0000 - 0x00007ffa65ca6000 	C:\Windows\SYSTEM32\clbcatq.dll
0x00007ffa5e770000 - 0x00007ffa5e77a000 	C:\Windows\SYSTEM32\msiltcfg.dll
0x00007ffa4c660000 - 0x00007ffa4c991000 	C:\Windows\SYSTEM32\msi.dll
0x00007ffa62eb0000 - 0x00007ffa62f49000 	C:\Windows\SYSTEM32\sxs.dll
0x00007ffa5bcd0000 - 0x00007ffa5bce6000 	C:\Windows\SYSTEM32\dhcpcsvc6.DLL
0x00007ffa5bf60000 - 0x00007ffa5bf7a000 	C:\Windows\SYSTEM32\dhcpcsvc.DLL
0x000000005d4b0000 - 0x000000005d4c1000 	C:\Program Files\Java\jdk1.8.0_20\jre\bin\nio.dll
0x00007ffa52610000 - 0x00007ffa52622000 	C:\Users\Eric\AppData\Local\Temp\native-platform60054281772392850dir\native-platform.dll
0x000000005d3d0000 - 0x000000005d3f4000 	C:\Program Files\Java\jdk1.8.0_20\jre\bin\sunec.dll
0x00007ffa55f90000 - 0x00007ffa55fa5000 	C:\Windows\system32\napinsp.dll
0x00007ffa55fb0000 - 0x00007ffa55fca000 	C:\Windows\system32\pnrpnsp.dll
0x00007ffa60120000 - 0x00007ffa6013b000 	C:\Windows\system32\NLAapi.dll
0x00007ffa62630000 - 0x00007ffa626d4000 	C:\Windows\SYSTEM32\DNSAPI.dll
0x00007ffa55fd0000 - 0x00007ffa55fdd000 	C:\Windows\System32\winrnr.dll
0x000000005ec20000 - 0x000000005ec46000 	C:\Program Files\Bonjour\mdnsNSP.dll
0x00007ffa55fe0000 - 0x00007ffa55ff4000 	C:\Windows\system32\wshbth.dll
0x00007ffa55f80000 - 0x00007ffa55f8a000 	C:\Windows\System32\rasadhlp.dll
0x00007ffa5be30000 - 0x00007ffa5be9b000 	C:\Windows\System32\fwpuclnt.dll
0x00007ffa5eb10000 - 0x00007ffa5ec99000 	C:\Windows\SYSTEM32\dbghelp.dll

VM Arguments:
jvm_args: -XX:MaxPermSize=256m -XX:+HeapDumpOnOutOfMemoryError -Xmx1024m -Dfile.encoding=windows-1252 -Duser.country=FR -Duser.language=fr -Duser.variant 
java_command: org.gradle.launcher.daemon.bootstrap.GradleDaemon 2.2.1 C:\Users\Eric\.gradle\daemon 10800000 0644174f-36a5-4d94-a6ed-ec5b13413830 -XX:MaxPermSize=256m -XX:+HeapDumpOnOutOfMemoryError -Xmx1024m -Dfile.encoding=windows-1252 -Duser.country=FR -Duser.language=fr -Duser.variant
java_class_path (initial): C:\Program Files\Android\Android Studio\gradle\gradle-2.2.1\lib\gradle-launcher-2.2.1.jar
Launcher Type: SUN_STANDARD

Environment Variables:
JAVA_HOME=C:\Program Files\Java\jdk1.8.0_20
PATH=C:\ProgramData\Oracle\Java\javapath;C:\Program Files (x86)\Intel\iCLS Client\;C:\Program Files\Intel\iCLS Client\;C:\Windows\system32;C:\Windows;C:\Windows\System32\Wbem;C:\Windows\System32\WindowsPowerShell\v1.0\;C:\Program Files\Intel\Intel(R) Management Engine Components\DAL;C:\Program Files\Intel\Intel(R) Management Engine Components\IPT;C:\Program Files (x86)\Intel\Intel(R) Management Engine Components\DAL;C:\Program Files (x86)\Intel\Intel(R) Management Engine Components\IPT;C:\Program Files\Intel\WiFi\bin\;C:\Program Files\Common Files\Intel\WirelessCommon\;C:\Program Files\Microsoft SQL Server\110\Tools\Binn\;C:\Program Files (x86)\Windows Kits\8.1\Windows Performance Toolkit\;C:\Program Files\MATLAB\R2014b\runtime\win64;C:\Program Files\MATLAB\R2014b\bin;C:\Program Files (x86)\Skype\Phone\;C:\Program Files (x86)\NVIDIA Corporation\PhysX\Common;C:\Program Files\Intel\WiFi\bin\;C:\Program Files\Common Files\Intel\WirelessCommon\
USERNAME=Eric
OS=Windows_NT
PROCESSOR_IDENTIFIER=Intel64 Family 6 Model 60 Stepping 3, GenuineIntel



---------------  S Y S T E M  ---------------

OS: Windows 8.1 , 64 bit Build 9600 

CPU:total 8 (4 cores per cpu, 2 threads per core) family 6 model 60 stepping 3, cmov, cx8, fxsr, mmx, sse, sse2, sse3, ssse3, sse4.1, sse4.2, popcnt, avx, avx2, aes, clmul, erms, lzcnt, ht, tsc, tscinvbit, bmi1, bmi2

Memory: 4k page, physical 8306924k(2028164k free), swap 8831212k(1820380k free)

vm_info: Java HotSpot(TM) 64-Bit Server VM (25.20-b23) for windows-amd64 JRE (1.8.0_20-b26), built on Jul 30 2014 13:51:23 by "java_re" with MS VC++ 10.0 (VS2010)

time: Mon May 18 17:56:06 2015
elapsed time: 4621 seconds (0d 1h 17m 1s)

