#
# A fatal error has been detected by the Java Runtime Environment:
#
#  EXCEPTION_ACCESS_VIOLATION (0xc0000005) at pc=0x00000001c48df09b, pid=9600, tid=8484
#
# JRE version: Java(TM) SE Runtime Environment (8.0_20-b26) (build 1.8.0_20-b26)
# Java VM: Java HotSpot(TM) 64-Bit Server VM (25.20-b23 mixed mode windows-amd64 compressed oops)
# Problematic frame:
# C  0x00000001c48df09b
#
# Failed to write core dump. Minidumps are not enabled by default on client versions of Windows
#
# If you would like to submit a bug report, please visit:
#   http://bugreport.sun.com/bugreport/crash.jsp
# The crash happened outside the Java Virtual Machine in native code.
# See problematic frame for where to report the bug.
#

---------------  T H R E A D  ---------------

Current thread (0x0000000018a98000):  JavaThread "Daemon worker" [_thread_in_native, id=8484, stack(0x000000001b300000,0x000000001b400000)]

siginfo: ExceptionCode=0xc0000005, ExceptionInformation=0x0000000000000008 0x00000001c48df09b

Registers:
RAX=0x0000000000000000, RBX=0x0000000018a981e8, RCX=0x0000000000a57e10, RDX=0x000000001b3f4128
RSP=0x000000001b3f4130, RBP=0x0000000000000000, RSI=0x0000000000000000, RDI=0x000000001cd5d840
R8 =0x000000018006eb38, R9 =0x0000000000008000, R10=0x00000000eb51c3d8, R11=0x0000000059c7aaa0
R12=0x000000001cd5d888, R13=0x0000000018b54670, R14=0x000000001b3f4338, R15=0x0000000000000003
RIP=0x00000001c48df09b, EFLAGS=0x0000000000010206

Top of Stack: (sp=0x000000001b3f4130)
0x000000001b3f4130:   000000001cd5d840 000000001b3f0078
0x000000001b3f4140:   fffffffffffffffe 0000000059645c85
0x000000001b3f4150:   0000000018a981e8 000000018002dbf2
0x000000001b3f4160:   000000018006eac0 0000000000a57e10
0x000000001b3f4170:   0000000019a876e0 0000000019a876e0
0x000000001b3f4180:   0000000018a98000 0000000000000000
0x000000001b3f4190:   fffffffffffffffe 000000001cd5d888
0x000000001b3f41a0:   000000001b3f4338 000000018002db42
0x000000001b3f41b0:   0000000000a57e10 0000000000a57e10
0x000000001b3f41c0:   0000000018a981e8 00000000590d8d94
0x000000001b3f41d0:   000000001c0221e0 000000001cd5d840
0x000000001b3f41e0:   000000001c022220 000000001c0221e0
0x000000001b3f41f0:   0000000018a981e8 00000000591c3b1a
0x000000001b3f4200:   0000000000a57e10 0000000018a981e8
0x000000001b3f4210:   000000001c0221e0 000000001c022220
0x000000001b3f4220:   0000000000000001 0000000000a57e10 

Instructions: (pc=0x00000001c48df09b)
0x00000001c48df07b:   
[error occurred during error reporting (printing registers, top of stack, instructions near pc), id 0xc0000005]

Register to memory mapping:

RAX=0x0000000000000000 is an unknown value
RBX=0x0000000018a981e8 is an unknown value
RCX=0x0000000000a57e10 is an unknown value
RDX=0x000000001b3f4128 is pointing into the stack for thread: 0x0000000018a98000
RSP=0x000000001b3f4130 is pointing into the stack for thread: 0x0000000018a98000
RBP=0x0000000000000000 is an unknown value
RSI=0x0000000000000000 is an unknown value
RDI=0x000000001cd5d840 is an unknown value
R8 =0x000000018006eb38 is an unknown value
R9 =0x0000000000008000 is an unknown value
R10=0x00000000eb51c3d8 is an oop
[Ljava.net.InetAddress; 
 - klass: 'java/net/InetAddress'[]
 - length: 3
R11=0x0000000059c7aaa0 is an unknown value
R12=0x000000001cd5d888 is an unknown value
R13=0x0000000018b54670 is an unknown value
R14=0x000000001b3f4338 is pointing into the stack for thread: 0x0000000018a98000
R15=0x0000000000000003 is an unknown value


Stack: [0x000000001b300000,0x000000001b400000],  sp=0x000000001b3f4130,  free space=976k
Native frames: (J=compiled Java code, j=interpreted, Vv=VM code, C=native code)

Java frames: (J=compiled Java code, j=interpreted, Vv=VM code)
j  java.net.Inet6AddressImpl.lookupAllHostAddr(Ljava/lang/String;)[Ljava/net/InetAddress;+0
j  java.net.InetAddress$2.lookupAllHostAddr(Ljava/lang/String;)[Ljava/net/InetAddress;+4
j  java.net.InetAddress.getAddressesFromNameService(Ljava/lang/String;Ljava/net/InetAddress;)[Ljava/net/InetAddress;+51
j  java.net.InetAddress.getLocalHost()Ljava/net/InetAddress;+90
j  javax.crypto.JarVerifier.getSystemEntropy()[B+91
j  javax.crypto.JarVerifier.testSignatures(Ljava/security/cert/X509Certificate;Ljava/security/cert/CertificateFactory;)V+3
j  javax.crypto.JarVerifier.access$400(Ljava/security/cert/X509Certificate;Ljava/security/cert/CertificateFactory;)V+2
j  javax.crypto.JarVerifier$1.run()Ljava/lang/Void;+71
j  javax.crypto.JarVerifier$1.run()Ljava/lang/Object;+1
v  ~StubRoutines::call_stub
J 628  java.security.AccessController.doPrivileged(Ljava/security/PrivilegedExceptionAction;)Ljava/lang/Object; (0 bytes) @ 0x0000000002761352 [0x0000000002761300+0x52]
j  javax.crypto.JarVerifier.<clinit>()V+7
v  ~StubRoutines::call_stub
j  javax.crypto.JceSecurity.loadPolicies(Ljava/io/File;Ljavax/crypto/CryptoPermissions;Ljavax/crypto/CryptoPermissions;)V+146
j  javax.crypto.JceSecurity.setupJurisdictionPolicies()V+130
j  javax.crypto.JceSecurity.access$000()V+0
j  javax.crypto.JceSecurity$1.run()Ljava/lang/Object;+0
v  ~StubRoutines::call_stub
J 628  java.security.AccessController.doPrivileged(Ljava/security/PrivilegedExceptionAction;)Ljava/lang/Object; (0 bytes) @ 0x0000000002761352 [0x0000000002761300+0x52]
j  javax.crypto.JceSecurity.<clinit>()V+49
v  ~StubRoutines::call_stub
j  javax.crypto.JceSecurityManager.<clinit>()V+31
v  ~StubRoutines::call_stub
j  javax.crypto.Cipher.getConfiguredPermission(Ljava/lang/String;)Ljavax/crypto/CryptoPermission;+17
j  javax.crypto.Cipher.getMaxAllowedKeyLength(Ljava/lang/String;)I+1
j  sun.security.ssl.CipherSuite$BulkCipher.isAvailable(Lsun/security/ssl/CipherSuite$BulkCipher;)Z+36
j  sun.security.ssl.CipherSuite$BulkCipher.isAvailable()Z+27
j  sun.security.ssl.CipherSuite.isAvailable()Z+21
j  sun.security.ssl.SSLContextImpl.getApplicableCipherSuiteList(Lsun/security/ssl/ProtocolList;Z)Lsun/security/ssl/CipherSuiteList;+105
j  sun.security.ssl.SSLContextImpl.getDefaultCipherSuiteList(Z)Lsun/security/ssl/CipherSuiteList;+55
j  sun.security.ssl.SSLSocketImpl.init(Lsun/security/ssl/SSLContextImpl;Z)V+83
j  sun.security.ssl.SSLSocketImpl.<init>(Lsun/security/ssl/SSLContextImpl;)V+96
j  sun.security.ssl.SSLSocketFactoryImpl.createSocket()Ljava/net/Socket;+8
j  org.apache.http.conn.ssl.SSLSocketFactory.createSocket(Lorg/apache/http/params/HttpParams;)Ljava/net/Socket;+4
j  org.apache.http.impl.conn.DefaultClientConnectionOperator.openConnection(Lorg/apache/http/conn/OperatedClientConnection;Lorg/apache/http/HttpHost;Ljava/net/InetAddress;Lorg/apache/http/protocol/HttpContext;Lorg/apache/http/params/HttpParams;)V+142
j  org.apache.http.impl.conn.ManagedClientConnectionImpl.open(Lorg/apache/http/conn/routing/HttpRoute;Lorg/apache/http/protocol/HttpContext;Lorg/apache/http/params/HttpParams;)V+133
j  org.apache.http.impl.client.DefaultRequestDirector.tryConnect(Lorg/apache/http/impl/client/RoutedRequest;Lorg/apache/http/protocol/HttpContext;)V+49
j  org.apache.http.impl.client.DefaultRequestDirector.execute(Lorg/apache/http/HttpHost;Lorg/apache/http/HttpRequest;Lorg/apache/http/protocol/HttpContext;)Lorg/apache/http/HttpResponse;+367
j  org.apache.http.impl.client.AbstractHttpClient.execute(Lorg/apache/http/HttpHost;Lorg/apache/http/HttpRequest;Lorg/apache/http/protocol/HttpContext;)Lorg/apache/http/HttpResponse;+344
j  org.apache.http.impl.client.DecompressingHttpClient.execute(Lorg/apache/http/HttpHost;Lorg/apache/http/HttpRequest;Lorg/apache/http/protocol/HttpContext;)Lorg/apache/http/HttpResponse;+65
j  org.apache.http.impl.client.DecompressingHttpClient.execute(Lorg/apache/http/client/methods/HttpUriRequest;Lorg/apache/http/protocol/HttpContext;)Lorg/apache/http/HttpResponse;+8
j  org.gradle.internal.resource.transport.http.HttpClientHelper.performHttpRequest(Lorg/apache/http/client/methods/HttpRequestBase;)Lorg/apache/http/HttpResponse;+37
j  org.gradle.internal.resource.transport.http.HttpClientHelper.executeGetOrHead(Lorg/apache/http/client/methods/HttpRequestBase;)Lorg/apache/http/HttpResponse;+2
j  org.gradle.internal.resource.transport.http.HttpClientHelper.performRequest(Lorg/apache/http/client/methods/HttpRequestBase;)Lorg/apache/http/HttpResponse;+7
j  org.gradle.internal.resource.transport.http.HttpClientHelper.performRawGet(Ljava/lang/String;)Lorg/apache/http/HttpResponse;+9
j  org.gradle.internal.resource.transport.http.HttpClientHelper.performGet(Ljava/lang/String;)Lorg/apache/http/HttpResponse;+6
j  org.gradle.internal.resource.transport.http.HttpResourceAccessor.getResource(Ljava/net/URI;)Lorg/gradle/internal/resource/transport/http/HttpResponseResource;+25
j  org.gradle.internal.resource.transport.http.HttpResourceAccessor.getResource(Ljava/net/URI;)Lorg/gradle/internal/resource/ExternalResource;+2
j  org.gradle.internal.resource.transport.DefaultExternalResourceRepository.getResource(Ljava/net/URI;)Lorg/gradle/internal/resource/ExternalResource;+5
j  org.gradle.api.internal.artifacts.repositories.resolver.MavenMetadataLoader.parseMavenMetadataInfo(Ljava/net/URI;Lorg/gradle/api/internal/artifacts/repositories/resolver/MavenMetadata;)V+5
j  org.gradle.api.internal.artifacts.repositories.resolver.MavenMetadataLoader.load(Ljava/net/URI;)Lorg/gradle/api/internal/artifacts/repositories/resolver/MavenMetadata;+11
j  org.gradle.api.internal.artifacts.repositories.resolver.MavenVersionLister$1.visit(Lorg/gradle/api/internal/artifacts/repositories/resolver/ResourcePattern;Lorg/gradle/internal/component/model/IvyArtifactName;)V+51
j  org.gradle.api.internal.artifacts.repositories.resolver.ChainedVersionLister$1.visit(Lorg/gradle/api/internal/artifacts/repositories/resolver/ResourcePattern;Lorg/gradle/internal/component/model/IvyArtifactName;)V+39
j  org.gradle.api.internal.artifacts.repositories.resolver.ExternalResourceResolver.listVersionsForAllPatterns(Ljava/util/List;Lorg/gradle/internal/component/model/IvyArtifactName;Lorg/gradle/api/internal/artifacts/repositories/resolver/VersionPatternVisitor;)V+34
j  org.gradle.api.internal.artifacts.repositories.resolver.ExternalResourceResolver.doListModuleVersions(Lorg/gradle/internal/component/model/DependencyMetaData;Lorg/gradle/internal/resolve/result/BuildableModuleComponentVersionSelectionResolveResult;)V+80
j  org.gradle.api.internal.artifacts.repositories.resolver.ExternalResourceResolver.access$100(Lorg/gradle/api/internal/artifacts/repositories/resolver/ExternalResourceResolver;Lorg/gradle/internal/component/model/DependencyMetaData;Lorg/gradle/internal/resolve/result/BuildableModuleComponentVersionSelectionResolveResult;)V+3
j  org.gradle.api.internal.artifacts.repositories.resolver.ExternalResourceResolver$RemoteRepositoryAccess.listModuleVersions(Lorg/gradle/internal/component/model/DependencyMetaData;Lorg/gradle/internal/resolve/result/BuildableModuleComponentVersionSelectionResolveResult;)V+6
j  org.gradle.api.internal.artifacts.ivyservice.ivyresolve.CacheLockReleasingModuleComponentsRepository$LockReleasingRepositoryAccess$1.run()V+15
j  org.gradle.internal.Factories$1.create()Ljava/lang/Object;+4
j  org.gradle.cache.internal.DefaultCacheAccess.longRunningOperation(Ljava/lang/String;Lorg/gradle/internal/Factory;)Ljava/lang/Object;+7
j  org.gradle.cache.internal.DefaultCacheAccess.longRunningOperation(Ljava/lang/String;Ljava/lang/Runnable;)V+6
j  org.gradle.cache.internal.DefaultPersistentDirectoryStore.longRunningOperation(Ljava/lang/String;Ljava/lang/Runnable;)V+6
j  org.gradle.cache.internal.DefaultCacheFactory$ReferenceTrackingCache.longRunningOperation(Ljava/lang/String;Ljava/lang/Runnable;)V+9
j  org.gradle.api.internal.artifacts.ivyservice.DefaultCacheLockingManager.longRunningOperation(Ljava/lang/String;Ljava/lang/Runnable;)V+6
j  org.gradle.api.internal.artifacts.ivyservice.ivyresolve.CacheLockReleasingModuleComponentsRepository$LockReleasingRepositoryAccess.listModuleVersions(Lorg/gradle/internal/component/model/DependencyMetaData;Lorg/gradle/internal/resolve/result/BuildableModuleComponentVersionSelectionResolveResult;)V+34
j  org.gradle.api.internal.artifacts.ivyservice.ivyresolve.CachingModuleComponentRepository$ResolveAndCacheRepositoryAccess.listModuleVersions(Lorg/gradle/internal/component/model/DependencyMetaData;Lorg/gradle/internal/resolve/result/BuildableModuleComponentVersionSelectionResolveResult;)V+14
j  org.gradle.api.internal.artifacts.ivyservice.ivyresolve.BaseModuleComponentRepositoryAccess.listModuleVersions(Lorg/gradle/internal/component/model/DependencyMetaData;Lorg/gradle/internal/resolve/result/BuildableModuleComponentVersionSelectionResolveResult;)V+6
j  org.gradle.api.internal.artifacts.ivyservice.ivyresolve.memcache.InMemoryCachedModuleComponentRepository$CachedAccess.listModuleVersions(Lorg/gradle/internal/component/model/DependencyMetaData;Lorg/gradle/internal/resolve/result/BuildableModuleComponentVersionSelectionResolveResult;)V+20
j  org.gradle.api.internal.artifacts.ivyservice.ivyresolve.DynamicVersionResolver$RepositoryResolveState.process(Lorg/gradle/internal/component/model/DependencyMetaData;Lorg/gradle/api/internal/artifacts/ivyservice/ivyresolve/ModuleComponentRepositoryAccess;Lorg/gradle/internal/resolve/result/BuildableModuleComponentMetaDataResolveResult;)V+6
j  org.gradle.api.internal.artifacts.ivyservice.ivyresolve.DynamicVersionResolver$RepositoryResolveState.resolve(Lorg/gradle/internal/component/model/DependencyMetaData;)V+53
j  org.gradle.api.internal.artifacts.ivyservice.ivyresolve.DynamicVersionResolver.findLatestModule(Lorg/gradle/internal/component/model/DependencyMetaData;Ljava/util/LinkedList;Ljava/util/Collection;Ljava/util/Collection;)Lorg/gradle/api/internal/artifacts/ivyservice/ivyresolve/RepositoryChainModuleResolution;+22
j  org.gradle.api.internal.artifacts.ivyservice.ivyresolve.DynamicVersionResolver.findLatestModule(Lorg/gradle/internal/component/model/DependencyMetaData;Ljava/util/List;Ljava/util/Collection;)Lorg/gradle/api/internal/artifacts/ivyservice/ivyresolve/RepositoryChainModuleResolution;+32
j  org.gradle.api.internal.artifacts.ivyservice.ivyresolve.DynamicVersionResolver.resolve(Lorg/gradle/internal/component/model/DependencyMetaData;Lorg/gradle/internal/resolve/result/BuildableComponentIdResolveResult;)V+100
j  org.gradle.api.internal.artifacts.ivyservice.ivyresolve.RepositoryChainAdapter.resolve(Lorg/gradle/internal/component/model/DependencyMetaData;Lorg/gradle/internal/resolve/result/BuildableComponentIdResolveResult;)V+31
j  org.gradle.api.internal.artifacts.ivyservice.projectmodule.ProjectDependencyResolver.resolve(Lorg/gradle/internal/component/model/DependencyMetaData;Lorg/gradle/internal/resolve/result/BuildableComponentIdResolveResult;)V+56
j  org.gradle.api.internal.artifacts.ivyservice.VersionForcingDependencyToModuleResolver.resolve(Lorg/gradle/internal/component/model/DependencyMetaData;Lorg/gradle/internal/resolve/result/BuildableComponentIdResolveResult;)V+101
j  org.gradle.api.internal.artifacts.ivyservice.resolveengine.graph.DependencyGraphBuilder$ModuleVersionSelectorResolveState.resolveModuleRevisionId()Lorg/gradle/api/internal/artifacts/ivyservice/resolveengine/graph/DependencyGraphBuilder$ModuleVersionResolveState;+44
j  org.gradle.api.internal.artifacts.ivyservice.resolveengine.graph.DependencyGraphBuilder$DependencyEdge.resolveModuleRevisionId()Lorg/gradle/api/internal/artifacts/ivyservice/resolveengine/graph/DependencyGraphBuilder$ModuleVersionResolveState;+12
j  org.gradle.api.internal.artifacts.ivyservice.resolveengine.graph.DependencyGraphBuilder.traverseGraph(Lorg/gradle/api/internal/artifacts/ivyservice/resolveengine/graph/DependencyGraphBuilder$ResolveState;Lorg/gradle/api/internal/artifacts/ivyservice/resolveengine/graph/conflicts/ConflictHandler;)V+113
j  org.gradle.api.internal.artifacts.ivyservice.resolveengine.graph.DependencyGraphBuilder.resolveDependencyGraph(Lorg/gradle/api/internal/artifacts/configurations/ConfigurationInternal;Lorg/gradle/api/internal/artifacts/ivyservice/resolveengine/graph/DependencyGraphVisitor;)V+94
j  org.gradle.api.internal.artifacts.ivyservice.resolveengine.graph.DependencyGraphBuilder.resolve(Lorg/gradle/api/internal/artifacts/configurations/ConfigurationInternal;Lorg/gradle/api/internal/artifacts/ivyservice/resolveengine/result/ResolutionResultBuilder;Lorg/gradle/api/internal/artifacts/ivyservice/resolveengine/oldresult/ResolvedConfigurationBuilder;)V+51
j  org.gradle.api.internal.artifacts.ivyservice.resolveengine.DefaultDependencyResolver$1.execute(Lorg/apache/ivy/Ivy;)V+314
j  org.gradle.api.internal.artifacts.ivyservice.resolveengine.DefaultDependencyResolver$1.execute(Ljava/lang/Object;)V+5
j  org.gradle.internal.Transformers$4.transform(Ljava/lang/Object;)Ljava/lang/Object;+5
j  org.gradle.api.internal.artifacts.ivyservice.DefaultIvyContextManager.withIvy(Lorg/gradle/api/Transformer;)Ljava/lang/Object;+96
j  org.gradle.api.internal.artifacts.ivyservice.DefaultIvyContextManager.withIvy(Lorg/gradle/api/Action;)V+5
j  org.gradle.api.internal.artifacts.ivyservice.resolveengine.DefaultDependencyResolver.resolve(Lorg/gradle/api/internal/artifacts/configurations/ConfigurationInternal;Ljava/util/List;Lorg/gradle/api/internal/artifacts/GlobalDependencyResolutionRules;Lorg/gradle/api/internal/artifacts/ResolverResults;)V+28
j  org.gradle.api.internal.artifacts.ivyservice.CacheLockingArtifactDependencyResolver$1.run()V+23
j  org.gradle.internal.Factories$1.create()Ljava/lang/Object;+4
j  org.gradle.cache.internal.DefaultCacheAccess.useCache(Ljava/lang/String;Lorg/gradle/internal/Factory;)Ljava/lang/Object;+45
j  org.gradle.cache.internal.DefaultCacheAccess.useCache(Ljava/lang/String;Ljava/lang/Runnable;)V+6
j  org.gradle.cache.internal.DefaultPersistentDirectoryStore.useCache(Ljava/lang/String;Ljava/lang/Runnable;)V+6
j  org.gradle.cache.internal.DefaultCacheFactory$ReferenceTrackingCache.useCache(Ljava/lang/String;Ljava/lang/Runnable;)V+9
j  org.gradle.api.internal.artifacts.ivyservice.DefaultCacheLockingManager.useCache(Ljava/lang/String;Ljava/lang/Runnable;)V+6
j  org.gradle.api.internal.artifacts.ivyservice.CacheLockingArtifactDependencyResolver.resolve(Lorg/gradle/api/internal/artifacts/configurations/ConfigurationInternal;Ljava/util/List;Lorg/gradle/api/internal/artifacts/GlobalDependencyResolutionRules;Lorg/gradle/api/internal/artifacts/ResolverResults;)V+30
j  org.gradle.api.internal.artifacts.ivyservice.SelfResolvingDependencyResolver.resolve(Lorg/gradle/api/internal/artifacts/configurations/ConfigurationInternal;Ljava/util/List;Lorg/gradle/api/internal/artifacts/GlobalDependencyResolutionRules;Lorg/gradle/api/internal/artifacts/ResolverResults;)V+9
j  org.gradle.api.internal.artifacts.ivyservice.ShortcircuitEmptyConfigsArtifactDependencyResolver.resolve(Lorg/gradle/api/internal/artifacts/configurations/ConfigurationInternal;Ljava/util/List;Lorg/gradle/api/internal/artifacts/GlobalDependencyResolutionRules;Lorg/gradle/api/internal/artifacts/ResolverResults;)V+88
j  org.gradle.api.internal.artifacts.ivyservice.ErrorHandlingArtifactDependencyResolver.resolve(Lorg/gradle/api/internal/artifacts/configurations/ConfigurationInternal;Ljava/util/List;Lorg/gradle/api/internal/artifacts/GlobalDependencyResolutionRules;Lorg/gradle/api/internal/artifacts/ResolverResults;)V+9
j  org.gradle.api.internal.artifacts.ivyservice.DefaultConfigurationResolver.resolve(Lorg/gradle/api/internal/artifacts/configurations/ConfigurationInternal;)Lorg/gradle/api/internal/artifacts/ResolverResults;+33
j  org.gradle.api.internal.artifacts.configurations.DefaultConfiguration.resolveNow()V+40
j  org.gradle.api.internal.artifacts.configurations.DefaultConfiguration.getResolvedConfiguration()Lorg/gradle/api/artifacts/ResolvedConfiguration;+1
j  org.gradle.api.internal.artifacts.configurations.DefaultConfiguration_Decorated.getResolvedConfiguration()Lorg/gradle/api/artifacts/ResolvedConfiguration;+7
v  ~StubRoutines::call_stub
J 2071  sun.reflect.NativeMethodAccessorImpl.invoke0(Ljava/lang/reflect/Method;Ljava/lang/Object;[Ljava/lang/Object;)Ljava/lang/Object; (0 bytes) @ 0x0000000002bec87f [0x0000000002bec800+0x7f]
J 2070 C1 sun.reflect.NativeMethodAccessorImpl.invoke(Ljava/lang/Object;[Ljava/lang/Object;)Ljava/lang/Object; (104 bytes) @ 0x0000000002bebae4 [0x0000000002bea940+0x11a4]
J 785 C1 sun.reflect.DelegatingMethodAccessorImpl.invoke(Ljava/lang/Object;[Ljava/lang/Object;)Ljava/lang/Object; (10 bytes) @ 0x00000000027d1e84 [0x00000000027d1d80+0x104]
J 784 C1 java.lang.reflect.Method.invoke(Ljava/lang/Object;[Ljava/lang/Object;)Ljava/lang/Object; (62 bytes) @ 0x00000000027d2624 [0x00000000027d2240+0x3e4]
J 3586 C1 org.codehaus.groovy.reflection.CachedMethod.invoke(Ljava/lang/Object;[Ljava/lang/Object;)Ljava/lang/Object; (70 bytes) @ 0x000000000329a31c [0x000000000329a220+0xfc]
j  groovy.lang.MetaBeanProperty.getProperty(Ljava/lang/Object;)Ljava/lang/Object;+60
j  org.gradle.api.internal.BeanDynamicObject$MetaClassAdapter.getProperty(Ljava/lang/String;)Ljava/lang/Object;+123
j  org.gradle.api.internal.BeanDynamicObject.getProperty(Ljava/lang/String;)Ljava/lang/Object;+5
J 3654 C1 org.gradle.api.internal.CompositeDynamicObject.getProperty(Ljava/lang/String;)Ljava/lang/Object; (128 bytes) @ 0x0000000002a43eb4 [0x0000000002a42ba0+0x1314]
j  org.gradle.api.internal.artifacts.configurations.DefaultConfiguration_Decorated.getProperty(Ljava/lang/String;)Ljava/lang/Object;+5
j  org.codehaus.groovy.runtime.callsite.PogoGetPropertySite.getProperty(Ljava/lang/Object;)Ljava/lang/Object;+8
j  org.codehaus.groovy.runtime.callsite.AbstractCallSite.callGetProperty(Ljava/lang/Object;)Ljava/lang/Object;+6
j  com.android.build.gradle.BasePlugin.collectArtifacts(Lorg/gradle/api/artifacts/Configuration;Ljava/util/Map;)V+304
j  com.android.build.gradle.BasePlugin.this$2$collectArtifacts(Lorg/gradle/api/artifacts/Configuration;Ljava/util/Map;)V+3
j  com.android.build.gradle.BasePlugin$this$2$collectArtifacts$2.callCurrent(Lgroovy/lang/GroovyObject;[Ljava/lang/Object;)Ljava/lang/Object;+25
j  org.codehaus.groovy.runtime.callsite.CallSiteArray.defaultCallCurrent(Lorg/codehaus/groovy/runtime/callsite/CallSite;Lgroovy/lang/GroovyObject;[Ljava/lang/Object;)Ljava/lang/Object;+17
j  org.codehaus.groovy.runtime.callsite.AbstractCallSite.callCurrent(Lgroovy/lang/GroovyObject;[Ljava/lang/Object;)Ljava/lang/Object;+3
j  org.codehaus.groovy.runtime.callsite.AbstractCallSite.callCurrent(Lgroovy/lang/GroovyObject;Ljava/lang/Object;Ljava/lang/Object;)Ljava/lang/Object;+7
j  com.android.build.gradle.BasePlugin.resolveDependencyForConfig(Lcom/android/build/gradle/internal/dependency/VariantDependencies;Ljava/util/Map;Ljava/util/Map;Lcom/google/common/collect/Multimap;)V+255
j  com.android.build.gradle.BasePlugin.this$2$resolveDependencyForConfig(Lcom/android/build/gradle/internal/dependency/VariantDependencies;Ljava/util/Map;Ljava/util/Map;Lcom/google/common/collect/Multimap;)V+6
j  com.android.build.gradle.BasePlugin$this$2$resolveDependencyForConfig$1.callCurrent(Lgroovy/lang/GroovyObject;[Ljava/lang/Object;)Ljava/lang/Object;+37
j  org.codehaus.groovy.runtime.callsite.CallSiteArray.defaultCallCurrent(Lorg/codehaus/groovy/runtime/callsite/CallSite;Lgroovy/lang/GroovyObject;[Ljava/lang/Object;)Ljava/lang/Object;+17
j  org.codehaus.groovy.runtime.callsite.AbstractCallSite.callCurrent(Lgroovy/lang/GroovyObject;[Ljava/lang/Object;)Ljava/lang/Object;+3
j  org.codehaus.groovy.runtime.callsite.AbstractCallSite.callCurrent(Lgroovy/lang/GroovyObject;Ljava/lang/Object;Ljava/lang/Object;Ljava/lang/Object;Ljava/lang/Object;)Ljava/lang/Object;+11
j  com.android.build.gradle.BasePlugin.resolveDependencies(Lcom/android/build/gradle/internal/dependency/VariantDependencies;)V+78
j  com.android.build.gradle.internal.VariantManager.createVariantData(Lcom/android/builder/model/BuildType;Ljava/util/List;Lcom/android/builder/model/SigningConfig;)Lcom/android/build/gradle/internal/variant/BaseVariantData;+630
j  com.android.build.gradle.internal.VariantManager.createVariantDataForProductFlavors(Lcom/android/builder/model/SigningConfig;Ljava/util/List;)V+178
j  com.android.build.gradle.internal.VariantManager.populateVariantDataList(Lcom/android/builder/model/SigningConfig;)V+24
j  com.android.build.gradle.internal.VariantManager.createAndroidTasks(Lcom/android/builder/model/SigningConfig;)V+77
j  com.android.build.gradle.internal.VariantManager$createAndroidTasks.call(Ljava/lang/Object;[Ljava/lang/Object;)Ljava/lang/Object;+19
j  org.codehaus.groovy.runtime.callsite.CallSiteArray.defaultCall(Lorg/codehaus/groovy/runtime/callsite/CallSite;Ljava/lang/Object;[Ljava/lang/Object;)Ljava/lang/Object;+8
j  org.codehaus.groovy.runtime.callsite.AbstractCallSite.call(Ljava/lang/Object;[Ljava/lang/Object;)Ljava/lang/Object;+3
j  org.codehaus.groovy.runtime.callsite.AbstractCallSite.call(Ljava/lang/Object;Ljava/lang/Object;)Ljava/lang/Object;+6
j  com.android.build.gradle.BasePlugin.createAndroidTasks(Z)V+519
v  ~StubRoutines::call_stub
J 2071  sun.reflect.NativeMethodAccessorImpl.invoke0(Ljava/lang/reflect/Method;Ljava/lang/Object;[Ljava/lang/Object;)Ljava/lang/Object; (0 bytes) @ 0x0000000002bec87f [0x0000000002bec800+0x7f]
J 2070 C1 sun.reflect.NativeMethodAccessorImpl.invoke(Ljava/lang/Object;[Ljava/lang/Object;)Ljava/lang/Object; (104 bytes) @ 0x0000000002bebae4 [0x0000000002bea940+0x11a4]
J 785 C1 sun.reflect.DelegatingMethodAccessorImpl.invoke(Ljava/lang/Object;[Ljava/lang/Object;)Ljava/lang/Object; (10 bytes) @ 0x00000000027d1e84 [0x00000000027d1d80+0x104]
J 784 C1 java.lang.reflect.Method.invoke(Ljava/lang/Object;[Ljava/lang/Object;)Ljava/lang/Object; (62 bytes) @ 0x00000000027d2624 [0x00000000027d2240+0x3e4]
J 3586 C1 org.codehaus.groovy.reflection.CachedMethod.invoke(Ljava/lang/Object;[Ljava/lang/Object;)Ljava/lang/Object; (70 bytes) @ 0x000000000329a31c [0x000000000329a220+0xfc]
j  groovy.lang.MetaMethod.doMethodInvoke(Ljava/lang/Object;[Ljava/lang/Object;)Ljava/lang/Object;+9
j  org.codehaus.groovy.runtime.metaclass.ClosureMetaClass.invokeMethod(Ljava/lang/Class;Ljava/lang/Object;Ljava/lang/String;[Ljava/lang/Object;ZZ)Ljava/lang/Object;+806
j  groovy.lang.MetaClassImpl.invokeMethod(Ljava/lang/Object;Ljava/lang/String;[Ljava/lang/Object;)Ljava/lang/Object;+10
j  org.codehaus.groovy.runtime.callsite.PogoMetaClassSite.callCurrent(Lgroovy/lang/GroovyObject;[Ljava/lang/Object;)Ljava/lang/Object;+18
j  org.codehaus.groovy.runtime.callsite.CallSiteArray.defaultCallCurrent(Lorg/codehaus/groovy/runtime/callsite/CallSite;Lgroovy/lang/GroovyObject;[Ljava/lang/Object;)Ljava/lang/Object;+17
j  org.codehaus.groovy.runtime.callsite.AbstractCallSite.callCurrent(Lgroovy/lang/GroovyObject;[Ljava/lang/Object;)Ljava/lang/Object;+3
j  org.codehaus.groovy.runtime.callsite.AbstractCallSite.callCurrent(Lgroovy/lang/GroovyObject;Ljava/lang/Object;)Ljava/lang/Object;+6
j  com.android.build.gradle.BasePlugin$_createTasks_closure9.doCall(Ljava/lang/Object;)Ljava/lang/Object;+13
v  ~StubRoutines::call_stub
J 2071  sun.reflect.NativeMethodAccessorImpl.invoke0(Ljava/lang/reflect/Method;Ljava/lang/Object;[Ljava/lang/Object;)Ljava/lang/Object; (0 bytes) @ 0x0000000002bec87f [0x0000000002bec800+0x7f]
J 2070 C1 sun.reflect.NativeMethodAccessorImpl.invoke(Ljava/lang/Object;[Ljava/lang/Object;)Ljava/lang/Object; (104 bytes) @ 0x0000000002bebae4 [0x0000000002bea940+0x11a4]
J 785 C1 sun.reflect.DelegatingMethodAccessorImpl.invoke(Ljava/lang/Object;[Ljava/lang/Object;)Ljava/lang/Object; (10 bytes) @ 0x00000000027d1e84 [0x00000000027d1d80+0x104]
J 784 C1 java.lang.reflect.Method.invoke(Ljava/lang/Object;[Ljava/lang/Object;)Ljava/lang/Object; (62 bytes) @ 0x00000000027d2624 [0x00000000027d2240+0x3e4]
J 3586 C1 org.codehaus.groovy.reflection.CachedMethod.invoke(Ljava/lang/Object;[Ljava/lang/Object;)Ljava/lang/Object; (70 bytes) @ 0x000000000329a31c [0x000000000329a220+0xfc]
j  groovy.lang.MetaMethod.doMethodInvoke(Ljava/lang/Object;[Ljava/lang/Object;)Ljava/lang/Object;+9
j  org.codehaus.groovy.runtime.metaclass.ClosureMetaClass.invokeMethod(Ljava/lang/Class;Ljava/lang/Object;Ljava/lang/String;[Ljava/lang/Object;ZZ)Ljava/lang/Object;+241
j  groovy.lang.MetaClassImpl.invokeMethod(Ljava/lang/Object;Ljava/lang/String;[Ljava/lang/Object;)Ljava/lang/Object;+10
j  groovy.lang.Closure.call([Ljava/lang/Object;)Ljava/lang/Object;+8
j  org.gradle.listener.ClosureBackedMethodInvocationDispatch.dispatch(Lorg/gradle/messaging/dispatch/MethodInvocation;)V+62
j  org.gradle.listener.ClosureBackedMethodInvocationDispatch.dispatch(Ljava/lang/Object;)V+5
J 2448 C1 org.gradle.listener.BroadcastDispatch.dispatch(Lorg/gradle/messaging/dispatch/MethodInvocation;)V (147 bytes) @ 0x0000000002e0e334 [0x0000000002e0daa0+0x894]
J 829 C1 org.gradle.listener.BroadcastDispatch.dispatch(Ljava/lang/Object;)V (9 bytes) @ 0x00000000027e92ac [0x00000000027e9140+0x16c]
J 827 C1 org.gradle.messaging.dispatch.ProxyDispatchAdapter$DispatchingInvocationHandler.invoke(Ljava/lang/Object;Ljava/lang/reflect/Method;[Ljava/lang/Object;)Ljava/lang/Object; (179 bytes) @ 0x00000000027e740c [0x00000000027e5900+0x1b0c]
j  com.sun.proxy.$Proxy12.afterEvaluate(Lorg/gradle/api/Project;Lorg/gradle/api/ProjectState;)V+20
j  org.gradle.configuration.project.LifecycleProjectEvaluator.notifyAfterEvaluate(Lorg/gradle/api/ProjectEvaluationListener;Lorg/gradle/api/internal/project/ProjectInternal;Lorg/gradle/api/internal/project/ProjectStateInternal;)V+3
j  org.gradle.configuration.project.LifecycleProjectEvaluator.evaluate(Lorg/gradle/api/internal/project/ProjectInternal;Lorg/gradle/api/internal/project/ProjectStateInternal;)V+72
j  org.gradle.api.internal.project.AbstractProject.evaluate()Lorg/gradle/api/internal/project/AbstractProject;+9
j  org.gradle.api.internal.project.AbstractProject.evaluate()Lorg/gradle/api/Project;+1
j  org.gradle.execution.TaskPathProjectEvaluator.configure(Lorg/gradle/api/internal/project/ProjectInternal;)V+21
j  org.gradle.execution.TaskSelector.getSelection(Ljava/lang/String;Lorg/gradle/api/internal/project/ProjectInternal;)Lorg/gradle/execution/TaskSelector$TaskSelection;+29
j  org.gradle.execution.TaskSelector.getSelection(Ljava/lang/String;Ljava/lang/String;)Lorg/gradle/execution/TaskSelector$TaskSelection;+35
j  org.gradle.execution.commandline.CommandLineTaskParser.parseTasks(Lorg/gradle/TaskExecutionRequest;)Ljava/util/List;+51
j  org.gradle.execution.TaskNameResolvingBuildConfigurationAction.configure(Lorg/gradle/execution/BuildExecutionContext;)V+62
j  org.gradle.execution.DefaultBuildExecuter.configure(I)V+36
j  org.gradle.execution.DefaultBuildExecuter.access$100(Lorg/gradle/execution/DefaultBuildExecuter;I)V+2
j  org.gradle.execution.DefaultBuildExecuter$1.proceed()V+10
j  org.gradle.execution.ExcludedTaskFilteringBuildConfigurationAction.configure(Lorg/gradle/execution/BuildExecutionContext;)V+102
j  org.gradle.execution.DefaultBuildExecuter.configure(I)V+36
j  org.gradle.execution.DefaultBuildExecuter.access$100(Lorg/gradle/execution/DefaultBuildExecuter;I)V+2
j  org.gradle.execution.DefaultBuildExecuter$1.proceed()V+10
j  org.gradle.execution.DefaultTasksBuildExecutionAction.configure(Lorg/gradle/execution/BuildExecutionContext;)V+58
j  org.gradle.execution.DefaultBuildExecuter.configure(I)V+36
j  org.gradle.execution.DefaultBuildExecuter.select(Lorg/gradle/api/internal/GradleInternal;)V+7
j  org.gradle.initialization.DefaultGradleLauncher.doBuildStages(Lorg/gradle/initialization/DefaultGradleLauncher$Stage;)V+147
j  org.gradle.initialization.DefaultGradleLauncher.doBuild(Lorg/gradle/initialization/DefaultGradleLauncher$Stage;)Lorg/gradle/BuildResult;+27
j  org.gradle.initialization.DefaultGradleLauncher.run()Lorg/gradle/BuildResult;+4
j  org.gradle.launcher.exec.InProcessBuildActionExecuter$DefaultBuildController.run()Lorg/gradle/api/internal/GradleInternal;+5
j  org.gradle.tooling.internal.provider.BuildModelAction.run(Lorg/gradle/initialization/BuildController;)Lorg/gradle/tooling/internal/provider/BuildActionResult;+15
j  org.gradle.tooling.internal.provider.BuildModelAction.run(Lorg/gradle/initialization/BuildController;)Ljava/lang/Object;+2
j  org.gradle.tooling.internal.provider.ConfiguringBuildAction.run(Lorg/gradle/initialization/BuildController;)Ljava/lang/Object;+15
j  org.gradle.launcher.exec.InProcessBuildActionExecuter.execute(Lorg/gradle/initialization/BuildAction;Lorg/gradle/initialization/BuildCancellationToken;Lorg/gradle/launcher/exec/BuildActionParameters;)Ljava/lang/Object;+19
j  org.gradle.launcher.exec.InProcessBuildActionExecuter.execute(Lorg/gradle/initialization/BuildAction;Lorg/gradle/initialization/BuildCancellationToken;Ljava/lang/Object;)Ljava/lang/Object;+7
j  org.gradle.launcher.daemon.server.exec.ExecuteBuild.doBuild(Lorg/gradle/launcher/daemon/server/exec/DaemonCommandExecution;Lorg/gradle/launcher/daemon/protocol/Build;)V+47
j  org.gradle.launcher.daemon.server.exec.BuildCommandOnly.execute(Lorg/gradle/launcher/daemon/server/exec/DaemonCommandExecution;)V+49
j  org.gradle.launcher.daemon.server.exec.DaemonCommandExecution.proceed()Z+28
j  org.gradle.launcher.daemon.server.exec.WatchForDisconnection.execute(Lorg/gradle/launcher/daemon/server/exec/DaemonCommandExecution;)V+19
j  org.gradle.launcher.daemon.server.exec.DaemonCommandExecution.proceed()Z+28
j  org.gradle.launcher.daemon.server.exec.ResetDeprecationLogger.execute(Lorg/gradle/launcher/daemon/server/exec/DaemonCommandExecution;)V+4
j  org.gradle.launcher.daemon.server.exec.DaemonCommandExecution.proceed()Z+28
j  org.gradle.launcher.daemon.server.exec.StartStopIfBuildAndStop.execute(Lorg/gradle/launcher/daemon/server/exec/DaemonCommandExecution;)V+34
j  org.gradle.launcher.daemon.server.exec.DaemonCommandExecution.proceed()Z+28
j  org.gradle.launcher.daemon.server.exec.ForwardClientInput$2.call()Ljava/lang/Void;+4
j  org.gradle.launcher.daemon.server.exec.ForwardClientInput$2.call()Ljava/lang/Object;+1
j  org.gradle.util.Swapper.swap(Ljava/lang/Object;Ljava/util/concurrent/Callable;)Ljava/lang/Object;+21
j  org.gradle.launcher.daemon.server.exec.ForwardClientInput.execute(Lorg/gradle/launcher/daemon/server/exec/DaemonCommandExecution;)V+63
j  org.gradle.launcher.daemon.server.exec.DaemonCommandExecution.proceed()Z+28
j  org.gradle.launcher.daemon.server.exec.LogToClient.doBuild(Lorg/gradle/launcher/daemon/server/exec/DaemonCommandExecution;Lorg/gradle/launcher/daemon/protocol/Build;)V+92
j  org.gradle.launcher.daemon.server.exec.BuildCommandOnly.execute(Lorg/gradle/launcher/daemon/server/exec/DaemonCommandExecution;)V+49
j  org.gradle.launcher.daemon.server.exec.DaemonCommandExecution.proceed()Z+28
j  org.gradle.launcher.daemon.server.exec.EstablishBuildEnvironment.doBuild(Lorg/gradle/launcher/daemon/server/exec/DaemonCommandExecution;Lorg/gradle/launcher/daemon/protocol/Build;)V+237
j  org.gradle.launcher.daemon.server.exec.BuildCommandOnly.execute(Lorg/gradle/launcher/daemon/server/exec/DaemonCommandExecution;)V+49
j  org.gradle.launcher.daemon.server.exec.DaemonCommandExecution.proceed()Z+28
j  org.gradle.launcher.daemon.server.exec.DaemonHygieneAction.execute(Lorg/gradle/launcher/daemon/server/exec/DaemonCommandExecution;)V+1
j  org.gradle.launcher.daemon.server.exec.DaemonCommandExecution.proceed()Z+28
j  org.gradle.launcher.daemon.server.exec.StartBuildOrRespondWithBusy$1.run()V+44
j  org.gradle.launcher.daemon.server.DaemonStateCoordinator$1.run()V+4
j  org.gradle.internal.concurrent.DefaultExecutorFactory$StoppableExecutorImpl$1.run()V+18
j  java.util.concurrent.ThreadPoolExecutor.runWorker(Ljava/util/concurrent/ThreadPoolExecutor$Worker;)V+95
j  java.util.concurrent.ThreadPoolExecutor$Worker.run()V+5
j  java.lang.Thread.run()V+11
v  ~StubRoutines::call_stub

---------------  P R O C E S S  ---------------

Java Threads: ( => current thread )
  0x0000000019662800 JavaThread "File lock request listener" [_thread_in_native, id=10136, stack(0x000000001deb0000,0x000000001dfb0000)]
  0x0000000018a9b000 JavaThread "Stdin handler" [_thread_blocked, id=6272, stack(0x000000001b400000,0x000000001b500000)]
=>0x0000000018a98000 JavaThread "Daemon worker" [_thread_in_native, id=8484, stack(0x000000001b300000,0x000000001b400000)]
  0x0000000018bee800 JavaThread "Cancel handler" [_thread_blocked, id=6324, stack(0x000000001b200000,0x000000001b300000)]
  0x0000000018b3b000 JavaThread "Handler for socket connection from /127.0.0.1:56984 to /127.0.0.1:57714" [_thread_in_native, id=2680, stack(0x000000001b100000,0x000000001b200000)]
  0x0000000018b3a000 JavaThread "Daemon" [_thread_blocked, id=7736, stack(0x000000001b000000,0x000000001b100000)]
  0x0000000018939800 JavaThread "Incoming local TCP Connector on port 56984" [_thread_in_native, id=9420, stack(0x000000001ad00000,0x000000001ae00000)]
  0x0000000017061800 JavaThread "Service Thread" daemon [_thread_blocked, id=10132, stack(0x00000000179a0000,0x0000000017aa0000)]
  0x0000000016fd8000 JavaThread "C1 CompilerThread3" daemon [_thread_blocked, id=5456, stack(0x00000000178a0000,0x00000000179a0000)]
  0x0000000016fd5800 JavaThread "C2 CompilerThread2" daemon [_thread_in_native, id=7492, stack(0x00000000177a0000,0x00000000178a0000)]
  0x0000000016fd0000 JavaThread "C2 CompilerThread1" daemon [_thread_in_native, id=8764, stack(0x00000000176a0000,0x00000000177a0000)]
  0x0000000016fca800 JavaThread "C2 CompilerThread0" daemon [_thread_in_native, id=6912, stack(0x00000000175a0000,0x00000000176a0000)]
  0x0000000016fc8000 JavaThread "Attach Listener" daemon [_thread_blocked, id=5556, stack(0x00000000174a0000,0x00000000175a0000)]
  0x0000000016fc7800 JavaThread "Signal Dispatcher" daemon [_thread_blocked, id=6832, stack(0x00000000173a0000,0x00000000174a0000)]
  0x0000000002449800 JavaThread "Finalizer" daemon [_thread_blocked, id=3672, stack(0x0000000016ea0000,0x0000000016fa0000)]
  0x0000000002443000 JavaThread "Reference Handler" daemon [_thread_blocked, id=7436, stack(0x0000000016da0000,0x0000000016ea0000)]
  0x000000000249e800 JavaThread "main" [_thread_blocked, id=8664, stack(0x0000000000b00000,0x0000000000c00000)]

Other Threads:
  0x0000000014fc8000 VMThread [stack: 0x0000000016ca0000,0x0000000016da0000] [id=8976]
  0x0000000017063800 WatcherThread [stack: 0x0000000017aa0000,0x0000000017ba0000] [id=4476]

VM state:not at safepoint (normal execution)

VM Mutex/Monitor currently owned by a thread: None

Heap:
 PSYoungGen      total 162304K, used 11095K [0x00000000eab00000, 0x00000000f9b80000, 0x0000000100000000)
  eden space 144384K, 7% used [0x00000000eab00000,0x00000000eb5d5c98,0x00000000f3800000)
  from space 17920K, 0% used [0x00000000f3800000,0x00000000f3800000,0x00000000f4980000)
  to   space 18944K, 0% used [0x00000000f8900000,0x00000000f8900000,0x00000000f9b80000)
 ParOldGen       total 99840K, used 24484K [0x00000000c0000000, 0x00000000c6180000, 0x00000000eab00000)
  object space 99840K, 24% used [0x00000000c0000000,0x00000000c17e9048,0x00000000c6180000)
 Metaspace       used 35433K, capacity 36552K, committed 36736K, reserved 1081344K
  class space    used 4701K, capacity 5153K, committed 5248K, reserved 1048576K

Card table byte_map: [0x0000000011870000,0x0000000011a80000] byte_map_base: 0x0000000011270000

Marking Bits: (ParMarkBitMap*) 0x0000000059ceb460
 Begin Bits: [0x00000000123e0000, 0x00000000133e0000)
 End Bits:   [0x00000000133e0000, 0x00000000143e0000)

Polling page: 0x00000000009f0000

CodeCache: size=245760Kb used=14520Kb max_used=14520Kb free=231239Kb
 bounds [0x00000000024b0000, 0x0000000003300000, 0x00000000114b0000]
 total_blobs=4162 nmethods=3507 adapters=568
 compilation: enabled

Compilation events (10 events):
Event: 14.201 Thread 0x0000000016fd8000 3793       2       java.util.ArrayList::clear (39 bytes)
Event: 14.201 Thread 0x0000000016fd8000 nmethod 3793 0x0000000002a00010 code [0x0000000002a00180, 0x0000000002a00370]
Event: 14.201 Thread 0x0000000016fd8000 3794       2       java.security.Provider::access$1000 (4 bytes)
Event: 14.202 Thread 0x0000000016fd8000 nmethod 3794 0x00000000029ffd10 code [0x00000000029ffe60, 0x00000000029fff90]
Event: 14.202 Thread 0x0000000016fd8000 3795       2       sun.security.jca.Providers::getProviderList (14 bytes)
Event: 14.202 Thread 0x0000000016fd8000 nmethod 3795 0x00000000029ff910 code [0x00000000029ffa80, 0x00000000029ffc48]
Event: 14.202 Thread 0x0000000016fd8000 3796       2       sun.security.jca.Providers::getThreadProviderList (18 bytes)
Event: 14.202 Thread 0x0000000016fd8000 nmethod 3796 0x00000000029ff550 code [0x00000000029ff6c0, 0x00000000029ff868]
Event: 14.205 Thread 0x0000000016fd8000 3799   !   2       java.io.BufferedReader::read (104 bytes)
Event: 14.205 Thread 0x0000000016fd8000 nmethod 3799 0x00000000029feb10 code [0x00000000029feca0, 0x00000000029ff198]

GC Heap History (10 events):
Event: 7.459 GC heap before
{Heap before GC invocations=7 (full 1):
 PSYoungGen      total 71680K, used 66620K [0x00000000eab00000, 0x00000000f2500000, 0x0000000100000000)
  eden space 66560K, 98% used [0x00000000eab00000,0x00000000eeb3f138,0x00000000eec00000)
  from space 5120K, 16% used [0x00000000eec00000,0x00000000eecd0020,0x00000000ef100000)
  to   space 10752K, 0% used [0x00000000f1a80000,0x00000000f1a80000,0x00000000f2500000)
 ParOldGen       total 59392K, used 7986K [0x00000000c0000000, 0x00000000c3a00000, 0x00000000eab00000)
  object space 59392K, 13% used [0x00000000c0000000,0x00000000c07ccb40,0x00000000c3a00000)
 Metaspace       used 22328K, capacity 22830K, committed 22912K, reserved 1069056K
  class space    used 2959K, capacity 3131K, committed 3200K, reserved 1048576K
Event: 7.463 GC heap after
Heap after GC invocations=7 (full 1):
 PSYoungGen      total 108032K, used 3562K [0x00000000eab00000, 0x00000000f2200000, 0x0000000100000000)
  eden space 100352K, 0% used [0x00000000eab00000,0x00000000eab00000,0x00000000f0d00000)
  from space 7680K, 46% used [0x00000000f1a80000,0x00000000f1dfab98,0x00000000f2200000)
  to   space 10752K, 0% used [0x00000000f0d00000,0x00000000f0d00000,0x00000000f1780000)
 ParOldGen       total 59392K, used 7994K [0x00000000c0000000, 0x00000000c3a00000, 0x00000000eab00000)
  object space 59392K, 13% used [0x00000000c0000000,0x00000000c07ceb40,0x00000000c3a00000)
 Metaspace       used 22328K, capacity 22830K, committed 22912K, reserved 1069056K
  class space    used 2959K, capacity 3131K, committed 3200K, reserved 1048576K
}
Event: 10.402 GC heap before
{Heap before GC invocations=8 (full 1):
 PSYoungGen      total 108032K, used 103914K [0x00000000eab00000, 0x00000000f2200000, 0x0000000100000000)
  eden space 100352K, 100% used [0x00000000eab00000,0x00000000f0d00000,0x00000000f0d00000)
  from space 7680K, 46% used [0x00000000f1a80000,0x00000000f1dfab98,0x00000000f2200000)
  to   space 10752K, 0% used [0x00000000f0d00000,0x00000000f0d00000,0x00000000f1780000)
 ParOldGen       total 59392K, used 7994K [0x00000000c0000000, 0x00000000c3a00000, 0x00000000eab00000)
  object space 59392K, 13% used [0x00000000c0000000,0x00000000c07ceb40,0x00000000c3a00000)
 Metaspace       used 28222K, capacity 28854K, committed 29056K, reserved 1075200K
  class space    used 3670K, capacity 3926K, committed 3968K, reserved 1048576K
Event: 10.420 GC heap after
Heap after GC invocations=8 (full 1):
 PSYoungGen      total 111104K, used 10262K [0x00000000eab00000, 0x00000000f5580000, 0x0000000100000000)
  eden space 100352K, 0% used [0x00000000eab00000,0x00000000eab00000,0x00000000f0d00000)
  from space 10752K, 95% used [0x00000000f0d00000,0x00000000f1705b10,0x00000000f1780000)
  to   space 12288K, 0% used [0x00000000f4980000,0x00000000f4980000,0x00000000f5580000)
 ParOldGen       total 59392K, used 8066K [0x00000000c0000000, 0x00000000c3a00000, 0x00000000eab00000)
  object space 59392K, 13% used [0x00000000c0000000,0x00000000c07e0b50,0x00000000c3a00000)
 Metaspace       used 28222K, capacity 28854K, committed 29056K, reserved 1075200K
  class space    used 3670K, capacity 3926K, committed 3968K, reserved 1048576K
}
Event: 13.171 GC heap before
{Heap before GC invocations=9 (full 1):
 PSYoungGen      total 111104K, used 110614K [0x00000000eab00000, 0x00000000f5580000, 0x0000000100000000)
  eden space 100352K, 100% used [0x00000000eab00000,0x00000000f0d00000,0x00000000f0d00000)
  from space 10752K, 95% used [0x00000000f0d00000,0x00000000f1705b10,0x00000000f1780000)
  to   space 12288K, 0% used [0x00000000f4980000,0x00000000f4980000,0x00000000f5580000)
 ParOldGen       total 59392K, used 8066K [0x00000000c0000000, 0x00000000c3a00000, 0x00000000eab00000)
  object space 59392K, 13% used [0x00000000c0000000,0x00000000c07e0b50,0x00000000c3a00000)
 Metaspace       used 33017K, capacity 34012K, committed 34304K, reserved 1079296K
  class space    used 4376K, capacity 4775K, committed 4864K, reserved 1048576K
Event: 13.193 GC heap after
Heap after GC invocations=9 (full 1):
 PSYoungGen      total 156672K, used 12260K [0x00000000eab00000, 0x00000000f6100000, 0x0000000100000000)
  eden space 144384K, 0% used [0x00000000eab00000,0x00000000eab00000,0x00000000f3800000)
  from space 12288K, 99% used [0x00000000f4980000,0x00000000f5579060,0x00000000f5580000)
  to   space 17920K, 0% used [0x00000000f3800000,0x00000000f3800000,0x00000000f4980000)
 ParOldGen       total 59392K, used 16057K [0x00000000c0000000, 0x00000000c3a00000, 0x00000000eab00000)
  object space 59392K, 27% used [0x00000000c0000000,0x00000000c0fae710,0x00000000c3a00000)
 Metaspace       used 33017K, capacity 34012K, committed 34304K, reserved 1079296K
  class space    used 4376K, capacity 4775K, committed 4864K, reserved 1048576K
}
Event: 13.577 GC heap before
{Heap before GC invocations=10 (full 1):
 PSYoungGen      total 156672K, used 23356K [0x00000000eab00000, 0x00000000f6100000, 0x0000000100000000)
  eden space 144384K, 7% used [0x00000000eab00000,0x00000000eb5d6158,0x00000000f3800000)
  from space 12288K, 99% used [0x00000000f4980000,0x00000000f5579060,0x00000000f5580000)
  to   space 17920K, 0% used [0x00000000f3800000,0x00000000f3800000,0x00000000f4980000)
 ParOldGen       total 59392K, used 16057K [0x00000000c0000000, 0x00000000c3a00000, 0x00000000eab00000)
  object space 59392K, 27% used [0x00000000c0000000,0x00000000c0fae710,0x00000000c3a00000)
 Metaspace       used 34315K, capacity 35402K, committed 35456K, reserved 1079296K
  class space    used 4555K, capacity 4988K, committed 4992K, reserved 1048576K
Event: 13.602 GC heap after
Heap after GC invocations=10 (full 1):
 PSYoungGen      total 162304K, used 13451K [0x00000000eab00000, 0x00000000f9b80000, 0x0000000100000000)
  eden space 144384K, 0% used [0x00000000eab00000,0x00000000eab00000,0x00000000f3800000)
  from space 17920K, 75% used [0x00000000f3800000,0x00000000f4522ee8,0x00000000f4980000)
  to   space 18944K, 0% used [0x00000000f8900000,0x00000000f8900000,0x00000000f9b80000)
 ParOldGen       total 59392K, used 16065K [0x00000000c0000000, 0x00000000c3a00000, 0x00000000eab00000)
  object space 59392K, 27% used [0x00000000c0000000,0x00000000c0fb0710,0x00000000c3a00000)
 Metaspace       used 34315K, capacity 35402K, committed 35456K, reserved 1079296K
  class space    used 4555K, capacity 4988K, committed 4992K, reserved 1048576K
}
Event: 13.602 GC heap before
{Heap before GC invocations=11 (full 2):
 PSYoungGen      total 162304K, used 13451K [0x00000000eab00000, 0x00000000f9b80000, 0x0000000100000000)
  eden space 144384K, 0% used [0x00000000eab00000,0x00000000eab00000,0x00000000f3800000)
  from space 17920K, 75% used [0x00000000f3800000,0x00000000f4522ee8,0x00000000f4980000)
  to   space 18944K, 0% used [0x00000000f8900000,0x00000000f8900000,0x00000000f9b80000)
 ParOldGen       total 59392K, used 16065K [0x00000000c0000000, 0x00000000c3a00000, 0x00000000eab00000)
  object space 59392K, 27% used [0x00000000c0000000,0x00000000c0fb0710,0x00000000c3a00000)
 Metaspace       used 34315K, capacity 35402K, committed 35456K, reserved 1079296K
  class space    used 4555K, capacity 4988K, committed 4992K, reserved 1048576K
Event: 13.833 GC heap after
Heap after GC invocations=11 (full 2):
 PSYoungGen      total 162304K, used 0K [0x00000000eab00000, 0x00000000f9b80000, 0x0000000100000000)
  eden space 144384K, 0% used [0x00000000eab00000,0x00000000eab00000,0x00000000f3800000)
  from space 17920K, 0% used [0x00000000f3800000,0x00000000f3800000,0x00000000f4980000)
  to   space 18944K, 0% used [0x00000000f8900000,0x00000000f8900000,0x00000000f9b80000)
 ParOldGen       total 99840K, used 24484K [0x00000000c0000000, 0x00000000c6180000, 0x00000000eab00000)
  object space 99840K, 24% used [0x00000000c0000000,0x00000000c17e9048,0x00000000c6180000)
 Metaspace       used 34315K, capacity 35402K, committed 35456K, reserved 1079296K
  class space    used 4555K, capacity 4988K, committed 4992K, reserved 1048576K
}

Deoptimization events (10 events):
Event: 12.737 Thread 0x0000000018a98000 Uncommon trap: reason=class_check action=maybe_recompile pc=0x0000000002a1baa8 method=java.lang.Throwable.<init>(Ljava/lang/Throwable;)V @ 24
Event: 12.742 Thread 0x0000000018a98000 Uncommon trap: reason=class_check action=maybe_recompile pc=0x0000000002a1baa8 method=java.lang.Throwable.<init>(Ljava/lang/Throwable;)V @ 24
Event: 12.826 Thread 0x0000000018a98000 Uncommon trap: reason=class_check action=maybe_recompile pc=0x0000000002a1baa8 method=java.lang.Throwable.<init>(Ljava/lang/Throwable;)V @ 24
Event: 12.845 Thread 0x0000000018a98000 Uncommon trap: reason=class_check action=maybe_recompile pc=0x0000000002a1baa8 method=java.lang.Throwable.<init>(Ljava/lang/Throwable;)V @ 24
Event: 13.552 Thread 0x0000000018a98000 Uncommon trap: reason=unreached action=reinterpret pc=0x0000000002c14dac method=java.security.CodeSource.getCertificates()[Ljava/security/cert/Certificate; @ 22
Event: 13.842 Thread 0x0000000018a98000 Uncommon trap: reason=class_check action=maybe_recompile pc=0x0000000002903128 method=java.io.DataInputStream.readUnsignedShort()I @ 4
Event: 13.842 Thread 0x0000000018a98000 Uncommon trap: reason=class_check action=maybe_recompile pc=0x0000000002903128 method=java.io.DataInputStream.readUnsignedShort()I @ 4
Event: 13.843 Thread 0x0000000018a98000 Uncommon trap: reason=class_check action=maybe_recompile pc=0x0000000002903128 method=java.io.DataInputStream.readUnsignedShort()I @ 4
Event: 13.843 Thread 0x0000000018a98000 Uncommon trap: reason=class_check action=maybe_recompile pc=0x0000000002903128 method=java.io.DataInputStream.readUnsignedShort()I @ 4
Event: 13.967 Thread 0x0000000018a98000 Uncommon trap: reason=bimorphic action=maybe_recompile pc=0x00000000025c470c method=java.util.regex.Pattern$Curly.match(Ljava/util/regex/Matcher;ILjava/lang/CharSequence;)Z @ 19

Internal exceptions (10 events):
Event: 14.154 Thread 0x0000000018a98000 Exception <a 'java/security/PrivilegedActionException'> (0x00000000eb488620) thrown at [D:\re\workspace\8-2-build-windows-amd64-cygwin\jdk8u20\1074\hotspot\src\share\vm\prims\jvm.cpp, line 1275]
Event: 14.155 Thread 0x0000000018a98000 Exception <a 'java/security/PrivilegedActionException'> (0x00000000eb491158) thrown at [D:\re\workspace\8-2-build-windows-amd64-cygwin\jdk8u20\1074\hotspot\src\share\vm\prims\jvm.cpp, line 1275]
Event: 14.155 Thread 0x0000000018a98000 Exception <a 'java/security/PrivilegedActionException'> (0x00000000eb492c00) thrown at [D:\re\workspace\8-2-build-windows-amd64-cygwin\jdk8u20\1074\hotspot\src\share\vm\prims\jvm.cpp, line 1275]
Event: 14.155 Thread 0x0000000018a98000 Exception <a 'java/security/PrivilegedActionException'> (0x00000000eb499230) thrown at [D:\re\workspace\8-2-build-windows-amd64-cygwin\jdk8u20\1074\hotspot\src\share\vm\prims\jvm.cpp, line 1275]
Event: 14.157 Thread 0x0000000018a98000 Exception <a 'java/security/PrivilegedActionException'> (0x00000000eb4a4230) thrown at [D:\re\workspace\8-2-build-windows-amd64-cygwin\jdk8u20\1074\hotspot\src\share\vm\prims\jvm.cpp, line 1275]
Event: 14.157 Thread 0x0000000018a98000 Exception <a 'java/security/PrivilegedActionException'> (0x00000000eb4a5c20) thrown at [D:\re\workspace\8-2-build-windows-amd64-cygwin\jdk8u20\1074\hotspot\src\share\vm\prims\jvm.cpp, line 1275]
Event: 14.157 Thread 0x0000000018a98000 Exception <a 'java/security/PrivilegedActionException'> (0x00000000eb4ab460) thrown at [D:\re\workspace\8-2-build-windows-amd64-cygwin\jdk8u20\1074\hotspot\src\share\vm\prims\jvm.cpp, line 1275]
Event: 14.159 Thread 0x0000000018a98000 Exception <a 'java/security/PrivilegedActionException'> (0x00000000eb4b5cc0) thrown at [D:\re\workspace\8-2-build-windows-amd64-cygwin\jdk8u20\1074\hotspot\src\share\vm\prims\jvm.cpp, line 1275]
Event: 14.159 Thread 0x0000000018a98000 Exception <a 'java/security/PrivilegedActionException'> (0x00000000eb4b75f0) thrown at [D:\re\workspace\8-2-build-windows-amd64-cygwin\jdk8u20\1074\hotspot\src\share\vm\prims\jvm.cpp, line 1275]
Event: 14.159 Thread 0x0000000018a98000 Exception <a 'java/security/PrivilegedActionException'> (0x00000000eb4bda90) thrown at [D:\re\workspace\8-2-build-windows-amd64-cygwin\jdk8u20\1074\hotspot\src\share\vm\prims\jvm.cpp, line 1275]

Events (10 events):
Event: 14.206 loading class javax/crypto/JarVerifier
Event: 14.206 loading class javax/crypto/JarVerifier done
Event: 14.206 loading class javax/crypto/JarVerifier$1
Event: 14.206 loading class javax/crypto/JarVerifier$1 done
Event: 14.208 loading class sun/security/validator/Validator
Event: 14.209 loading class sun/security/validator/Validator done
Event: 14.209 loading class sun/security/validator/SimpleValidator
Event: 14.209 loading class sun/security/validator/SimpleValidator done
Event: 14.209 loading class sun/security/validator/EndEntityChecker
Event: 14.209 loading class sun/security/validator/EndEntityChecker done


Dynamic libraries:
0x00007ff6e6390000 - 0x00007ff6e63c4000 	C:\Program Files\Java\jdk1.8.0_20\bin\java.exe
0x00007ff868ea0000 - 0x00007ff86904c000 	C:\Windows\SYSTEM32\ntdll.dll
0x00007ff8688d0000 - 0x00007ff868a0e000 	C:\Windows\system32\KERNEL32.DLL
0x00007ff8663a0000 - 0x00007ff8664b5000 	C:\Windows\system32\KERNELBASE.dll
0x00007ff864a60000 - 0x00007ff864aee000 	C:\Windows\system32\apphelp.dll
0x00007ff855710000 - 0x00007ff855763000 	C:\Windows\AppPatch\AppPatch64\AcGenral.DLL
0x00007ff868a20000 - 0x00007ff868aca000 	C:\Windows\system32\msvcrt.dll
0x00007ff865e90000 - 0x00007ff865ebe000 	C:\Windows\SYSTEM32\SspiCli.dll
0x00007ff866c90000 - 0x00007ff866ce4000 	C:\Windows\system32\SHLWAPI.dll
0x00007ff8668a0000 - 0x00007ff866a17000 	C:\Windows\system32\USER32.dll
0x00007ff868570000 - 0x00007ff868704000 	C:\Windows\system32\ole32.dll
0x00007ff867040000 - 0x00007ff868558000 	C:\Windows\system32\SHELL32.dll
0x00007ff865610000 - 0x00007ff865631000 	C:\Windows\SYSTEM32\USERENV.dll
0x00007ff866a80000 - 0x00007ff866b2a000 	C:\Windows\system32\ADVAPI32.dll
0x00007ff857700000 - 0x00007ff85771e000 	C:\Windows\SYSTEM32\MPR.dll
0x00007ff868710000 - 0x00007ff868851000 	C:\Windows\system32\RPCRT4.dll
0x00007ff868870000 - 0x00007ff8688c9000 	C:\Windows\SYSTEM32\sechost.dll
0x00007ff866540000 - 0x00007ff866751000 	C:\Windows\SYSTEM32\combase.dll
0x00007ff868d40000 - 0x00007ff868e91000 	C:\Windows\system32\GDI32.dll
0x00007ff865ff0000 - 0x00007ff866005000 	C:\Windows\SYSTEM32\profapi.dll
0x00007ff864af0000 - 0x00007ff864ba2000 	C:\Windows\SYSTEM32\SHCORE.dll
0x00007ff866f30000 - 0x00007ff866f66000 	C:\Windows\system32\IMM32.DLL
0x00007ff866b30000 - 0x00007ff866c82000 	C:\Windows\system32\MSCTF.dll
0x00007ff864380000 - 0x00007ff8645fb000 	C:\Windows\WinSxS\amd64_microsoft.windows.common-controls_6595b64144ccf1df_6.0.9600.17784_none_624760d1ecb7236e\COMCTL32.dll
0x0000000059070000 - 0x0000000059142000 	C:\Program Files\Java\jdk1.8.0_20\jre\bin\msvcr100.dll
0x0000000059510000 - 0x0000000059d68000 	C:\Program Files\Java\jdk1.8.0_20\jre\bin\server\jvm.dll
0x00007ff85c3e0000 - 0x00007ff85c3e9000 	C:\Windows\SYSTEM32\WSOCK32.dll
0x00007ff864630000 - 0x00007ff864652000 	C:\Windows\SYSTEM32\WINMM.dll
0x00007ff868a10000 - 0x00007ff868a17000 	C:\Windows\system32\PSAPI.DLL
0x00007ff866a20000 - 0x00007ff866a7a000 	C:\Windows\system32\WS2_32.dll
0x00007ff864190000 - 0x00007ff8641ba000 	C:\Windows\SYSTEM32\WINMMBASE.dll
0x00007ff868560000 - 0x00007ff868569000 	C:\Windows\system32\NSI.dll
0x00007ff866350000 - 0x00007ff86639f000 	C:\Windows\SYSTEM32\cfgmgr32.dll
0x00007ff864dc0000 - 0x00007ff864de8000 	C:\Windows\SYSTEM32\DEVOBJ.dll
0x0000000059500000 - 0x000000005950f000 	C:\Program Files\Java\jdk1.8.0_20\jre\bin\verify.dll
0x00000000594d0000 - 0x00000000594f8000 	C:\Program Files\Java\jdk1.8.0_20\jre\bin\java.dll
0x00000000594b0000 - 0x00000000594c6000 	C:\Program Files\Java\jdk1.8.0_20\jre\bin\zip.dll
0x00007ff865930000 - 0x00007ff865950000 	C:\Windows\SYSTEM32\CRYPTSP.dll
0x00007ff865500000 - 0x00007ff865536000 	C:\Windows\system32\rsaenh.dll
0x00007ff865ba0000 - 0x00007ff865bc6000 	C:\Windows\SYSTEM32\bcrypt.dll
0x00007ff865ec0000 - 0x00007ff865f23000 	C:\Windows\system32\bcryptprimitives.dll
0x00007ff865f30000 - 0x00007ff865f3b000 	C:\Windows\SYSTEM32\CRYPTBASE.dll
0x00000000591c0000 - 0x00000000591da000 	C:\Program Files\Java\jdk1.8.0_20\jre\bin\net.dll
0x0000000180000000 - 0x0000000180078000 	C:\Windows\system32\ASProxy64.dll
0x00007ff8658d0000 - 0x00007ff865929000 	C:\Windows\SYSTEM32\MSWSOCK.dll
0x00007ff865040000 - 0x00007ff86506a000 	C:\Windows\SYSTEM32\IPHLPAPI.DLL
0x00007ff8667d0000 - 0x00007ff866891000 	C:\Windows\system32\OLEAUT32.dll
0x00007ff865030000 - 0x00007ff86503a000 	C:\Windows\SYSTEM32\VERSION.dll
0x00007ff865020000 - 0x00007ff86502a000 	C:\Windows\SYSTEM32\WINNSI.DLL
0x00007ff864bd0000 - 0x00007ff864bdb000 	C:\Windows\SYSTEM32\kernel.appcore.dll
0x00007ff864c20000 - 0x00007ff864d49000 	C:\Windows\system32\uxtheme.dll
0x00007ff868ad0000 - 0x00007ff868b86000 	C:\Windows\SYSTEM32\clbcatq.dll
0x00007ff854b70000 - 0x00007ff854b7a000 	C:\Windows\SYSTEM32\msiltcfg.dll
0x00007ff850970000 - 0x00007ff850ca1000 	C:\Windows\SYSTEM32\msi.dll
0x00007ff865f40000 - 0x00007ff865fd9000 	C:\Windows\SYSTEM32\sxs.dll
0x00007ff85f090000 - 0x00007ff85f0a6000 	C:\Windows\SYSTEM32\dhcpcsvc6.DLL
0x00007ff85f2f0000 - 0x00007ff85f30a000 	C:\Windows\SYSTEM32\dhcpcsvc.DLL
0x00000000591a0000 - 0x00000000591b1000 	C:\Program Files\Java\jdk1.8.0_20\jre\bin\nio.dll
0x00007ff8594a0000 - 0x00007ff8594b2000 	C:\Users\Eric\AppData\Local\Temp\native-platform5338665026220091462dir\native-platform.dll
0x00000000593d0000 - 0x00000000593f4000 	C:\Program Files\Java\jdk1.8.0_20\jre\bin\sunec.dll
0x00007ff8599c0000 - 0x00007ff8599d5000 	C:\Windows\system32\napinsp.dll
0x00007ff859a30000 - 0x00007ff859a4a000 	C:\Windows\system32\pnrpnsp.dll
0x00007ff85fd30000 - 0x00007ff85fd4b000 	C:\Windows\system32\NLAapi.dll
0x00007ff8656d0000 - 0x00007ff865774000 	C:\Windows\SYSTEM32\DNSAPI.dll
0x00007ff859a50000 - 0x00007ff859a5d000 	C:\Windows\System32\winrnr.dll
0x000000005a9f0000 - 0x000000005aa16000 	C:\Program Files\Bonjour\mdnsNSP.dll
0x00007ff859b00000 - 0x00007ff859b14000 	C:\Windows\system32\wshbth.dll
0x00007ff857050000 - 0x00007ff85705a000 	C:\Windows\System32\rasadhlp.dll
0x00007ff85f160000 - 0x00007ff85f1cb000 	C:\Windows\System32\fwpuclnt.dll
0x00007ff85b510000 - 0x00007ff85b699000 	C:\Windows\SYSTEM32\dbghelp.dll

VM Arguments:
jvm_args: -XX:MaxPermSize=256m -XX:+HeapDumpOnOutOfMemoryError -Xmx1024m -Dfile.encoding=windows-1252 -Duser.country=FR -Duser.language=fr -Duser.variant 
java_command: org.gradle.launcher.daemon.bootstrap.GradleDaemon 2.2.1 C:\Users\Eric\.gradle\daemon 10800000 45d2de3c-4b22-4991-b514-33718ed2c854 -XX:MaxPermSize=256m -XX:+HeapDumpOnOutOfMemoryError -Xmx1024m -Dfile.encoding=windows-1252 -Duser.country=FR -Duser.language=fr -Duser.variant
java_class_path (initial): C:\Program Files\Android\Android Studio\gradle\gradle-2.2.1\lib\gradle-launcher-2.2.1.jar
Launcher Type: SUN_STANDARD

Environment Variables:
JAVA_HOME=C:\Program Files\Java\jdk1.8.0_20
PATH=C:\ProgramData\Oracle\Java\javapath;C:\Program Files (x86)\Intel\iCLS Client\;C:\Program Files\Intel\iCLS Client\;C:\Windows\system32;C:\Windows;C:\Windows\System32\Wbem;C:\Windows\System32\WindowsPowerShell\v1.0\;C:\Program Files\Intel\Intel(R) Management Engine Components\DAL;C:\Program Files\Intel\Intel(R) Management Engine Components\IPT;C:\Program Files (x86)\Intel\Intel(R) Management Engine Components\DAL;C:\Program Files (x86)\Intel\Intel(R) Management Engine Components\IPT;C:\Program Files\Intel\WiFi\bin\;C:\Program Files\Common Files\Intel\WirelessCommon\;C:\Program Files\Microsoft SQL Server\110\Tools\Binn\;C:\Program Files (x86)\Windows Kits\8.1\Windows Performance Toolkit\;C:\Program Files\MATLAB\R2014b\runtime\win64;C:\Program Files\MATLAB\R2014b\bin;C:\Program Files (x86)\Skype\Phone\;C:\Program Files (x86)\NVIDIA Corporation\PhysX\Common;C:\Program Files\Intel\WiFi\bin\;C:\Program Files\Common Files\Intel\WirelessCommon\
USERNAME=Eric
OS=Windows_NT
PROCESSOR_IDENTIFIER=Intel64 Family 6 Model 60 Stepping 3, GenuineIntel



---------------  S Y S T E M  ---------------

OS: Windows 8.1 , 64 bit Build 9600 

CPU:total 8 (4 cores per cpu, 2 threads per core) family 6 model 60 stepping 3, cmov, cx8, fxsr, mmx, sse, sse2, sse3, ssse3, sse4.1, sse4.2, popcnt, avx, avx2, aes, clmul, erms, lzcnt, ht, tsc, tscinvbit, bmi1, bmi2

Memory: 4k page, physical 8306924k(4048700k free), swap 8831212k(3623612k free)

vm_info: Java HotSpot(TM) 64-Bit Server VM (25.20-b23) for windows-amd64 JRE (1.8.0_20-b26), built on Jul 30 2014 13:51:23 by "java_re" with MS VC++ 10.0 (VS2010)

time: Wed May 27 16:37:29 2015
elapsed time: 14 seconds (0d 0h 0m 14s)

